[debug] [2020-10-04T17:57:54.131Z] ----------------------------------------------------------------------
[debug] [2020-10-04T17:57:54.133Z] Command:       C:\Program Files\nodejs\node.exe C:\Users\Ransaka\AppData\Roaming\npm\node_modules\firebase-tools\lib\bin\firebase.js emulators:start --only functions
[debug] [2020-10-04T17:57:54.134Z] CLI Version:   8.6.0
[debug] [2020-10-04T17:57:54.134Z] Platform:      win32
[debug] [2020-10-04T17:57:54.134Z] Node Version:  v12.17.0
[debug] [2020-10-04T17:57:54.135Z] Time:          Sun Oct 04 2020 23:27:54 GMT+0530 (India Standard Time)
[debug] [2020-10-04T17:57:54.135Z] ----------------------------------------------------------------------
[debug] [2020-10-04T17:57:54.135Z] 
[debug] [2020-10-04T17:57:54.143Z] > command requires scopes: ["email","openid","https://www.googleapis.com/auth/cloudplatformprojects.readonly","https://www.googleapis.com/auth/firebase","https://www.googleapis.com/auth/cloud-platform"]
[debug] [2020-10-04T17:57:54.144Z] > authorizing via signed-in user
[info] i  emulators: Starting emulators: functions {"metadata":{"emulator":{"name":"hub"},"message":"Starting emulators: functions"}}
[debug] [2020-10-04T17:57:56.214Z] [hub] writing locator at C:\Users\Ransaka\AppData\Local\Temp\hub-onclinic-dd11a.json
[debug] [2020-10-04T17:57:58.268Z] defaultcredentials: writing to file C:\Users\Ransaka\AppData\Roaming\firebase\ransakaravihara_gmail_com_application_default_credentials.json
[debug] [2020-10-04T17:57:58.269Z] Setting GAC to C:\Users\Ransaka\AppData\Roaming\firebase\ransakaravihara_gmail_com_application_default_credentials.json {"metadata":{"emulator":{"name":"functions"},"message":"Setting GAC to C:\\Users\\Ransaka\\AppData\\Roaming\\firebase\\ransakaravihara_gmail_com_application_default_credentials.json"}}
[warn] !  functions: The following emulators are not running, calls to these services from the Functions emulator will affect production: firestore, database, hosting, pubsub {"metadata":{"emulator":{"name":"functions"},"message":"The following emulators are not running, calls to these services from the Functions emulator will affect production: \u001b[1mfirestore, database, hosting, pubsub\u001b[22m"}}
[warn] !  Your requested "node" version "8" doesn't match your global version "12" {"metadata":{"emulator":{"name":"functions"},"message":"Your requested \"node\" version \"8\" doesn't match your global version \"12\""}}
[warn] !  ui: Emulator UI unable to start on port 4000, starting on 4001 instead. {"metadata":{"emulator":{"name":"ui"},"message":"Emulator UI unable to start on port 4000, starting on 4001 instead."}}
[debug] [2020-10-04T17:58:00.317Z] Ignoring unsupported arg: auto_download {"metadata":{"emulator":{"name":"ui"},"message":"Ignoring unsupported arg: auto_download"}}
[debug] [2020-10-04T17:58:00.318Z] Ignoring unsupported arg: port {"metadata":{"emulator":{"name":"ui"},"message":"Ignoring unsupported arg: port"}}
[debug] [2020-10-04T17:58:00.318Z] Starting Emulator UI with command {"binary":"node","args":["C:\\Users\\Ransaka\\.cache\\firebase\\emulators\\ui-v1.1.1\\server.bundle.js"],"optionalArgs":[],"joinArgs":false} {"metadata":{"emulator":{"name":"ui"},"message":"Starting Emulator UI with command {\"binary\":\"node\",\"args\":[\"C:\\\\Users\\\\Ransaka\\\\.cache\\\\firebase\\\\emulators\\\\ui-v1.1.1\\\\server.bundle.js\"],\"optionalArgs\":[],\"joinArgs\":false}"}}
[info] i  ui: Emulator UI logging to ui-debug.log {"metadata":{"emulator":{"name":"ui"},"message":"Emulator UI logging to \u001b[1mui-debug.log\u001b[22m"}}
[debug] [2020-10-04T17:58:00.453Z] Web / API server started at http://localhost:4001
 {"metadata":{"emulator":{"name":"ui"},"message":"Web / API server started at http://localhost:4001\n"}}
[info] i  functions: Watching "D:\OnClinic\functions" for Cloud Functions... {"metadata":{"emulator":{"name":"functions"},"message":"Watching \"D:\\OnClinic\\functions\" for Cloud Functions..."}}
[debug] [2020-10-04T17:58:00.852Z] [worker-pool] addWorker(~diagnostic~) {"metadata":{"emulator":{"name":"functions"},"message":"[worker-pool] addWorker(~diagnostic~)"}}
[debug] [2020-10-04T17:58:00.852Z] [worker-pool] Adding worker with key ~diagnostic~, total=1 {"metadata":{"emulator":{"name":"functions"},"message":"[worker-pool] Adding worker with key ~diagnostic~, total=1"}}
[debug] [2020-10-04T17:58:00.852Z] [worker-pool] submitWork(triggerId=) {"metadata":{"emulator":{"name":"functions"},"message":"[worker-pool] submitWork(triggerId=)"}}
[debug] [2020-10-04T17:58:00.852Z] [worker-~diagnostic~-adce2169-2e41-4e35-b2b4-ae44afc7d18c]: Assigning socketPath: \\?\pipe\D:\OnClinic\functions\8060 {"metadata":{"emulator":{"name":"functions"},"message":"[worker-~diagnostic~-adce2169-2e41-4e35-b2b4-ae44afc7d18c]: Assigning socketPath: \\\\?\\pipe\\D:\\OnClinic\\functions\\8060"}}
[debug] [2020-10-04T17:58:00.853Z] [worker-~diagnostic~-adce2169-2e41-4e35-b2b4-ae44afc7d18c]: BUSY {"metadata":{"emulator":{"name":"functions"},"message":"[worker-~diagnostic~-adce2169-2e41-4e35-b2b4-ae44afc7d18c]: BUSY"}}
[debug] [2020-10-04T17:58:01.293Z] [runtime-status] [8060] Functions runtime initialized. {"cwd":"D:\\OnClinic\\functions","node_version":"12.17.0"} {"metadata":{"emulator":{"name":"functions"},"message":"[runtime-status] [8060] Functions runtime initialized. {\"cwd\":\"D:\\\\OnClinic\\\\functions\",\"node_version\":\"12.17.0\"}"}}
[debug] [2020-10-04T17:58:01.294Z] [runtime-status] [8060] Disabled runtime features: undefined {"metadata":{"emulator":{"name":"functions"},"message":"[runtime-status] [8060] Disabled runtime features: undefined"}}
[debug] [2020-10-04T17:58:01.297Z] [runtime-status] [8060] Resolved module firebase-admin {"declared":true,"installed":true,"version":"8.11.0","resolution":"D:\\OnClinic\\functions\\node_modules\\firebase-admin\\lib\\index.js"} {"metadata":{"emulator":{"name":"functions"},"message":"[runtime-status] [8060] Resolved module firebase-admin {\"declared\":true,\"installed\":true,\"version\":\"8.11.0\",\"resolution\":\"D:\\\\OnClinic\\\\functions\\\\node_modules\\\\firebase-admin\\\\lib\\\\index.js\"}"}}
[debug] [2020-10-04T17:58:01.301Z] [runtime-status] [8060] Resolved module firebase-functions {"declared":true,"installed":true,"version":"3.6.1","resolution":"D:\\OnClinic\\functions\\node_modules\\firebase-functions\\lib\\index.js"} {"metadata":{"emulator":{"name":"functions"},"message":"[runtime-status] [8060] Resolved module firebase-functions {\"declared\":true,\"installed\":true,\"version\":\"3.6.1\",\"resolution\":\"D:\\\\OnClinic\\\\functions\\\\node_modules\\\\firebase-functions\\\\lib\\\\index.js\"}"}}
[debug] [2020-10-04T17:58:01.302Z] [runtime-status] [8060] Resolved module firebase-functions {"declared":true,"installed":true,"version":"3.6.1","resolution":"D:\\OnClinic\\functions\\node_modules\\firebase-functions\\lib\\index.js"} {"metadata":{"emulator":{"name":"functions"},"message":"[runtime-status] [8060] Resolved module firebase-functions {\"declared\":true,\"installed\":true,\"version\":\"3.6.1\",\"resolution\":\"D:\\\\OnClinic\\\\functions\\\\node_modules\\\\firebase-functions\\\\lib\\\\index.js\"}"}}
[debug] [2020-10-04T17:58:01.303Z] [runtime-status] [8060] Outgoing network have been stubbed. [{"name":"http","status":"mocked"},{"name":"http","status":"mocked"},{"name":"https","status":"mocked"},{"name":"https","status":"mocked"},{"name":"net","status":"mocked"}] {"metadata":{"emulator":{"name":"functions"},"message":"[runtime-status] [8060] Outgoing network have been stubbed. [{\"name\":\"http\",\"status\":\"mocked\"},{\"name\":\"http\",\"status\":\"mocked\"},{\"name\":\"https\",\"status\":\"mocked\"},{\"name\":\"https\",\"status\":\"mocked\"},{\"name\":\"net\",\"status\":\"mocked\"}]"}}
[debug] [2020-10-04T17:58:01.304Z] [runtime-status] [8060] Resolved module firebase-functions {"declared":true,"installed":true,"version":"3.6.1","resolution":"D:\\OnClinic\\functions\\node_modules\\firebase-functions\\lib\\index.js"} {"metadata":{"emulator":{"name":"functions"},"message":"[runtime-status] [8060] Resolved module firebase-functions {\"declared\":true,\"installed\":true,\"version\":\"3.6.1\",\"resolution\":\"D:\\\\OnClinic\\\\functions\\\\node_modules\\\\firebase-functions\\\\lib\\\\index.js\"}"}}
[debug] [2020-10-04T17:58:01.340Z] [runtime-status] [8060] Checked functions.config() {"config":{}} {"metadata":{"emulator":{"name":"functions"},"message":"[runtime-status] [8060] Checked functions.config() {\"config\":{}}"}}
[debug] [2020-10-04T17:58:01.340Z] [runtime-status] [8060] firebase-functions has been stubbed. {"functionsResolution":{"declared":true,"installed":true,"version":"3.6.1","resolution":"D:\\OnClinic\\functions\\node_modules\\firebase-functions\\lib\\index.js"}} {"metadata":{"emulator":{"name":"functions"},"message":"[runtime-status] [8060] firebase-functions has been stubbed. {\"functionsResolution\":{\"declared\":true,\"installed\":true,\"version\":\"3.6.1\",\"resolution\":\"D:\\\\OnClinic\\\\functions\\\\node_modules\\\\firebase-functions\\\\lib\\\\index.js\"}}"}}
[debug] [2020-10-04T17:58:01.341Z] [runtime-status] [8060] Resolved module firebase-functions {"declared":true,"installed":true,"version":"3.6.1","resolution":"D:\\OnClinic\\functions\\node_modules\\firebase-functions\\lib\\index.js"} {"metadata":{"emulator":{"name":"functions"},"message":"[runtime-status] [8060] Resolved module firebase-functions {\"declared\":true,\"installed\":true,\"version\":\"3.6.1\",\"resolution\":\"D:\\\\OnClinic\\\\functions\\\\node_modules\\\\firebase-functions\\\\lib\\\\index.js\"}"}}
[debug] [2020-10-04T17:58:01.342Z] [runtime-status] [8060] Resolved module firebase-admin {"declared":true,"installed":true,"version":"8.11.0","resolution":"D:\\OnClinic\\functions\\node_modules\\firebase-admin\\lib\\index.js"} {"metadata":{"emulator":{"name":"functions"},"message":"[runtime-status] [8060] Resolved module firebase-admin {\"declared\":true,\"installed\":true,\"version\":\"8.11.0\",\"resolution\":\"D:\\\\OnClinic\\\\functions\\\\node_modules\\\\firebase-admin\\\\lib\\\\index.js\"}"}}
[debug] [2020-10-04T17:58:01.342Z] [runtime-status] [8060] Resolved module firebase-functions {"declared":true,"installed":true,"version":"3.6.1","resolution":"D:\\OnClinic\\functions\\node_modules\\firebase-functions\\lib\\index.js"} {"metadata":{"emulator":{"name":"functions"},"message":"[runtime-status] [8060] Resolved module firebase-functions {\"declared\":true,\"installed\":true,\"version\":\"3.6.1\",\"resolution\":\"D:\\\\OnClinic\\\\functions\\\\node_modules\\\\firebase-functions\\\\lib\\\\index.js\"}"}}
[debug] [2020-10-04T17:58:01.342Z] [runtime-status] [8060] firebase-admin has been stubbed. {"adminResolution":{"declared":true,"installed":true,"version":"8.11.0","resolution":"D:\\OnClinic\\functions\\node_modules\\firebase-admin\\lib\\index.js"}} {"metadata":{"emulator":{"name":"functions"},"message":"[runtime-status] [8060] firebase-admin has been stubbed. {\"adminResolution\":{\"declared\":true,\"installed\":true,\"version\":\"8.11.0\",\"resolution\":\"D:\\\\OnClinic\\\\functions\\\\node_modules\\\\firebase-admin\\\\lib\\\\index.js\"}}"}}
[info] +  functions[paymentStatus]: http function initialized (http://localhost:5001/onclinic-dd11a/us-central1/paymentStatus). {"metadata":{"emulator":{"name":"functions"},"message":"\u001b[1mhttp\u001b[22m function initialized (http://localhost:5001/onclinic-dd11a/us-central1/paymentStatus)."}}
[info] +  functions[getLatestPosts]: http function initialized (http://localhost:5001/onclinic-dd11a/us-central1/getLatestPosts). {"metadata":{"emulator":{"name":"functions"},"message":"\u001b[1mhttp\u001b[22m function initialized (http://localhost:5001/onclinic-dd11a/us-central1/getLatestPosts)."}}
[info] +  functions[sendTextmessage]: http function initialized (http://localhost:5001/onclinic-dd11a/us-central1/sendTextmessage). {"metadata":{"emulator":{"name":"functions"},"message":"\u001b[1mhttp\u001b[22m function initialized (http://localhost:5001/onclinic-dd11a/us-central1/sendTextmessage)."}}
[info] +  functions[broadcast]: http function initialized (http://localhost:5001/onclinic-dd11a/us-central1/broadcast). {"metadata":{"emulator":{"name":"functions"},"message":"\u001b[1mhttp\u001b[22m function initialized (http://localhost:5001/onclinic-dd11a/us-central1/broadcast)."}}
[info] 
┌───────────────────────────────────────────────────────────────────────┐
│ ✔  All emulators ready! View status and logs at http://localhost:4001 │
└───────────────────────────────────────────────────────────────────────┘

┌───────────┬────────────────┬─────────────────────────────────┐
│ Emulator  │ Host:Port      │ View in Emulator UI             │
├───────────┼────────────────┼─────────────────────────────────┤
│ Functions │ localhost:5001 │ http://localhost:4001/functions │
└───────────┴────────────────┴─────────────────────────────────┘
  Other reserved ports: 4400, 4500

Issues? Report them at https://github.com/firebase/firebase-tools/issues and attach the *-debug.log files.
 
[debug] [2020-10-04T17:58:02.636Z] [worker-~diagnostic~-adce2169-2e41-4e35-b2b4-ae44afc7d18c]: IDLE {"metadata":{"emulator":{"name":"functions"},"message":"[worker-~diagnostic~-adce2169-2e41-4e35-b2b4-ae44afc7d18c]: IDLE"}}
[debug] [2020-10-04T17:58:47.536Z] [work-queue] {"queueLength":1,"workRunningCount":0}
[debug] [2020-10-04T17:58:47.536Z] [work-queue] {"queueLength":0,"workRunningCount":1}
[debug] [2020-10-04T17:58:47.537Z] Accepted request GET /onclinic-dd11a/us-central1/sendTextmessage --> sendTextmessage
[debug] [2020-10-04T17:58:47.544Z] [worker-pool] addWorker(sendTextmessage) {"metadata":{"emulator":{"name":"functions"},"message":"[worker-pool] addWorker(sendTextmessage)"}}
[debug] [2020-10-04T17:58:47.544Z] [worker-pool] Adding worker with key sendTextmessage, total=1 {"metadata":{"emulator":{"name":"functions"},"message":"[worker-pool] Adding worker with key sendTextmessage, total=1"}}
[debug] [2020-10-04T17:58:47.545Z] [worker-pool] submitWork(triggerId=sendTextmessage) {"metadata":{"emulator":{"name":"functions"},"message":"[worker-pool] submitWork(triggerId=sendTextmessage)"}}
[debug] [2020-10-04T17:58:47.545Z] [worker-sendTextmessage-d49c5f30-8dbb-47f1-9c56-0184ad910b6b]: Assigning socketPath: \\?\pipe\D:\OnClinic\functions\5092 {"metadata":{"emulator":{"name":"functions"},"message":"[worker-sendTextmessage-d49c5f30-8dbb-47f1-9c56-0184ad910b6b]: Assigning socketPath: \\\\?\\pipe\\D:\\OnClinic\\functions\\5092"}}
[debug] [2020-10-04T17:58:47.545Z] [worker-sendTextmessage-d49c5f30-8dbb-47f1-9c56-0184ad910b6b]: BUSY {"metadata":{"emulator":{"name":"functions"},"message":"[worker-sendTextmessage-d49c5f30-8dbb-47f1-9c56-0184ad910b6b]: BUSY"}}
[debug] [2020-10-04T17:58:48.057Z] [runtime-status] [5092] Functions runtime initialized. {"cwd":"D:\\OnClinic\\functions","node_version":"12.17.0"} {"metadata":{"emulator":{"name":"functions"},"function":{"name":"sendTextmessage"},"message":"[runtime-status] [5092] Functions runtime initialized. {\"cwd\":\"D:\\\\OnClinic\\\\functions\",\"node_version\":\"12.17.0\"}"}}
[debug] [2020-10-04T17:58:48.059Z] [runtime-status] [5092] Disabled runtime features: undefined {"metadata":{"emulator":{"name":"functions"},"function":{"name":"sendTextmessage"},"message":"[runtime-status] [5092] Disabled runtime features: undefined"}}
[debug] [2020-10-04T17:58:48.067Z] [runtime-status] [5092] Resolved module firebase-admin {"declared":true,"installed":true,"version":"8.11.0","resolution":"D:\\OnClinic\\functions\\node_modules\\firebase-admin\\lib\\index.js"} {"metadata":{"emulator":{"name":"functions"},"function":{"name":"sendTextmessage"},"message":"[runtime-status] [5092] Resolved module firebase-admin {\"declared\":true,\"installed\":true,\"version\":\"8.11.0\",\"resolution\":\"D:\\\\OnClinic\\\\functions\\\\node_modules\\\\firebase-admin\\\\lib\\\\index.js\"}"}}
[debug] [2020-10-04T17:58:48.071Z] [runtime-status] [5092] Resolved module firebase-functions {"declared":true,"installed":true,"version":"3.6.1","resolution":"D:\\OnClinic\\functions\\node_modules\\firebase-functions\\lib\\index.js"} {"metadata":{"emulator":{"name":"functions"},"function":{"name":"sendTextmessage"},"message":"[runtime-status] [5092] Resolved module firebase-functions {\"declared\":true,\"installed\":true,\"version\":\"3.6.1\",\"resolution\":\"D:\\\\OnClinic\\\\functions\\\\node_modules\\\\firebase-functions\\\\lib\\\\index.js\"}"}}
[debug] [2020-10-04T17:58:48.072Z] [runtime-status] [5092] Resolved module firebase-functions {"declared":true,"installed":true,"version":"3.6.1","resolution":"D:\\OnClinic\\functions\\node_modules\\firebase-functions\\lib\\index.js"} {"metadata":{"emulator":{"name":"functions"},"function":{"name":"sendTextmessage"},"message":"[runtime-status] [5092] Resolved module firebase-functions {\"declared\":true,\"installed\":true,\"version\":\"3.6.1\",\"resolution\":\"D:\\\\OnClinic\\\\functions\\\\node_modules\\\\firebase-functions\\\\lib\\\\index.js\"}"}}
[debug] [2020-10-04T17:58:48.075Z] [runtime-status] [5092] Outgoing network have been stubbed. [{"name":"http","status":"mocked"},{"name":"http","status":"mocked"},{"name":"https","status":"mocked"},{"name":"https","status":"mocked"},{"name":"net","status":"mocked"}] {"metadata":{"emulator":{"name":"functions"},"function":{"name":"sendTextmessage"},"message":"[runtime-status] [5092] Outgoing network have been stubbed. [{\"name\":\"http\",\"status\":\"mocked\"},{\"name\":\"http\",\"status\":\"mocked\"},{\"name\":\"https\",\"status\":\"mocked\"},{\"name\":\"https\",\"status\":\"mocked\"},{\"name\":\"net\",\"status\":\"mocked\"}]"}}
[debug] [2020-10-04T17:58:48.076Z] [runtime-status] [5092] Resolved module firebase-functions {"declared":true,"installed":true,"version":"3.6.1","resolution":"D:\\OnClinic\\functions\\node_modules\\firebase-functions\\lib\\index.js"} {"metadata":{"emulator":{"name":"functions"},"function":{"name":"sendTextmessage"},"message":"[runtime-status] [5092] Resolved module firebase-functions {\"declared\":true,\"installed\":true,\"version\":\"3.6.1\",\"resolution\":\"D:\\\\OnClinic\\\\functions\\\\node_modules\\\\firebase-functions\\\\lib\\\\index.js\"}"}}
[debug] [2020-10-04T17:58:48.117Z] [runtime-status] [5092] Checked functions.config() {"config":{}} {"metadata":{"emulator":{"name":"functions"},"function":{"name":"sendTextmessage"},"message":"[runtime-status] [5092] Checked functions.config() {\"config\":{}}"}}
[debug] [2020-10-04T17:58:48.117Z] [runtime-status] [5092] firebase-functions has been stubbed. {"functionsResolution":{"declared":true,"installed":true,"version":"3.6.1","resolution":"D:\\OnClinic\\functions\\node_modules\\firebase-functions\\lib\\index.js"}} {"metadata":{"emulator":{"name":"functions"},"function":{"name":"sendTextmessage"},"message":"[runtime-status] [5092] firebase-functions has been stubbed. {\"functionsResolution\":{\"declared\":true,\"installed\":true,\"version\":\"3.6.1\",\"resolution\":\"D:\\\\OnClinic\\\\functions\\\\node_modules\\\\firebase-functions\\\\lib\\\\index.js\"}}"}}
[debug] [2020-10-04T17:58:48.117Z] [runtime-status] [5092] Resolved module firebase-functions {"declared":true,"installed":true,"version":"3.6.1","resolution":"D:\\OnClinic\\functions\\node_modules\\firebase-functions\\lib\\index.js"} {"metadata":{"emulator":{"name":"functions"},"function":{"name":"sendTextmessage"},"message":"[runtime-status] [5092] Resolved module firebase-functions {\"declared\":true,\"installed\":true,\"version\":\"3.6.1\",\"resolution\":\"D:\\\\OnClinic\\\\functions\\\\node_modules\\\\firebase-functions\\\\lib\\\\index.js\"}"}}
[debug] [2020-10-04T17:58:48.118Z] [runtime-status] [5092] Resolved module firebase-admin {"declared":true,"installed":true,"version":"8.11.0","resolution":"D:\\OnClinic\\functions\\node_modules\\firebase-admin\\lib\\index.js"} {"metadata":{"emulator":{"name":"functions"},"function":{"name":"sendTextmessage"},"message":"[runtime-status] [5092] Resolved module firebase-admin {\"declared\":true,\"installed\":true,\"version\":\"8.11.0\",\"resolution\":\"D:\\\\OnClinic\\\\functions\\\\node_modules\\\\firebase-admin\\\\lib\\\\index.js\"}"}}
[debug] [2020-10-04T17:58:48.119Z] [runtime-status] [5092] Resolved module firebase-functions {"declared":true,"installed":true,"version":"3.6.1","resolution":"D:\\OnClinic\\functions\\node_modules\\firebase-functions\\lib\\index.js"} {"metadata":{"emulator":{"name":"functions"},"function":{"name":"sendTextmessage"},"message":"[runtime-status] [5092] Resolved module firebase-functions {\"declared\":true,\"installed\":true,\"version\":\"3.6.1\",\"resolution\":\"D:\\\\OnClinic\\\\functions\\\\node_modules\\\\firebase-functions\\\\lib\\\\index.js\"}"}}
[debug] [2020-10-04T17:58:48.119Z] [runtime-status] [5092] firebase-admin has been stubbed. {"adminResolution":{"declared":true,"installed":true,"version":"8.11.0","resolution":"D:\\OnClinic\\functions\\node_modules\\firebase-admin\\lib\\index.js"}} {"metadata":{"emulator":{"name":"functions"},"function":{"name":"sendTextmessage"},"message":"[runtime-status] [5092] firebase-admin has been stubbed. {\"adminResolution\":{\"declared\":true,\"installed\":true,\"version\":\"8.11.0\",\"resolution\":\"D:\\\\OnClinic\\\\functions\\\\node_modules\\\\firebase-admin\\\\lib\\\\index.js\"}}"}}
[debug] [2020-10-04T17:58:49.608Z] [runtime-status] [5092] Trigger "sendTextmessage" has been found, beginning invocation! {"metadata":{"emulator":{"name":"functions"},"function":{"name":"sendTextmessage"},"message":"[runtime-status] [5092] Trigger \"sendTextmessage\" has been found, beginning invocation!"}}
[info] i  functions: Beginning execution of "sendTextmessage" {"metadata":{"emulator":{"name":"functions"},"function":{"name":"sendTextmessage"},"message":"Beginning execution of \"sendTextmessage\""}}
[debug] [2020-10-04T17:58:49.610Z] [runtime-status] [5092] triggerDefinition {"httpsTrigger":{},"name":"sendTextmessage","entryPoint":"sendTextmessage"} {"metadata":{"emulator":{"name":"functions"},"function":{"name":"sendTextmessage"},"message":"[runtime-status] [5092] triggerDefinition {\"httpsTrigger\":{},\"name\":\"sendTextmessage\",\"entryPoint\":\"sendTextmessage\"}"}}
[debug] [2020-10-04T17:58:49.610Z] [runtime-status] [5092] Running sendTextmessage in mode HTTPS {"metadata":{"emulator":{"name":"functions"},"function":{"name":"sendTextmessage"},"message":"[runtime-status] [5092] Running sendTextmessage in mode HTTPS"}}
[debug] [2020-10-04T17:58:49.615Z] [runtime-status] [5092] Attempting to listen to socketPath: \\?\pipe\D:\OnClinic\functions\5092 {"metadata":{"emulator":{"name":"functions"},"function":{"name":"sendTextmessage"},"message":"[runtime-status] [5092] Attempting to listen to socketPath: \\\\?\\pipe\\D:\\OnClinic\\functions\\5092"}}
[debug] [2020-10-04T17:58:49.617Z] [functions] Runtime ready! Sending request! {"metadata":{"emulator":{"name":"functions"},"message":"[functions] Runtime ready! Sending request!"}}
[debug] [2020-10-04T17:58:49.628Z] [runtime-status] [5092] Ephemeral server handling GET request {"metadata":{"emulator":{"name":"functions"},"function":{"name":"sendTextmessage"},"message":"[runtime-status] [5092] Ephemeral server handling GET request"}}
[info] >  undefined {"user":"undefined","metadata":{"emulator":{"name":"functions"},"function":{"name":"sendTextmessage"},"message":"\u001b[90m> \u001b[39m undefined"}}
[debug] [2020-10-04T17:58:51.584Z] [runtime-status] [5092] Ephemeral server survived. {"metadata":{"emulator":{"name":"functions"},"function":{"name":"sendTextmessage"},"message":"[runtime-status] [5092] Ephemeral server survived."}}
[info] i  functions: Finished "sendTextmessage" in ~1s {"metadata":{"emulator":{"name":"functions"},"function":{"name":"sendTextmessage"},"message":"Finished \"sendTextmessage\" in ~1s"}}
[debug] [2020-10-04T17:58:51.586Z] [worker-sendTextmessage-d49c5f30-8dbb-47f1-9c56-0184ad910b6b]: IDLE {"metadata":{"emulator":{"name":"functions"},"message":"[worker-sendTextmessage-d49c5f30-8dbb-47f1-9c56-0184ad910b6b]: IDLE"}}
[debug] [2020-10-04T17:58:51.586Z] [work-queue] {"queueLength":0,"workRunningCount":0}
[debug] [2020-10-04T17:58:59.141Z] [work-queue] {"queueLength":1,"workRunningCount":0}
[debug] [2020-10-04T17:58:59.141Z] [work-queue] {"queueLength":0,"workRunningCount":1}
[debug] [2020-10-04T17:58:59.141Z] Accepted request GET /onclinic-dd11a/us-central1/sendTextmessage --> sendTextmessage
[debug] [2020-10-04T17:58:59.141Z] [worker-pool] submitWork(triggerId=sendTextmessage) {"metadata":{"emulator":{"name":"functions"},"message":"[worker-pool] submitWork(triggerId=sendTextmessage)"}}
[debug] [2020-10-04T17:58:59.141Z] [worker-sendTextmessage-d49c5f30-8dbb-47f1-9c56-0184ad910b6b]: Assigning socketPath: \\?\pipe\D:\OnClinic\functions\5092 {"metadata":{"emulator":{"name":"functions"},"message":"[worker-sendTextmessage-d49c5f30-8dbb-47f1-9c56-0184ad910b6b]: Assigning socketPath: \\\\?\\pipe\\D:\\OnClinic\\functions\\5092"}}
[debug] [2020-10-04T17:58:59.141Z] [worker-sendTextmessage-d49c5f30-8dbb-47f1-9c56-0184ad910b6b]: BUSY {"metadata":{"emulator":{"name":"functions"},"message":"[worker-sendTextmessage-d49c5f30-8dbb-47f1-9c56-0184ad910b6b]: BUSY"}}
[debug] [2020-10-04T17:58:59.142Z] [runtime-status] [5092] Trigger "sendTextmessage" has been found, beginning invocation! {"metadata":{"emulator":{"name":"functions"},"function":{"name":"sendTextmessage"},"message":"[runtime-status] [5092] Trigger \"sendTextmessage\" has been found, beginning invocation!"}}
[info] i  functions: Beginning execution of "sendTextmessage" {"metadata":{"emulator":{"name":"functions"},"function":{"name":"sendTextmessage"},"message":"Beginning execution of \"sendTextmessage\""}}
[debug] [2020-10-04T17:58:59.143Z] [runtime-status] [5092] triggerDefinition {"httpsTrigger":{},"name":"sendTextmessage","entryPoint":"sendTextmessage"} {"metadata":{"emulator":{"name":"functions"},"function":{"name":"sendTextmessage"},"message":"[runtime-status] [5092] triggerDefinition {\"httpsTrigger\":{},\"name\":\"sendTextmessage\",\"entryPoint\":\"sendTextmessage\"}"}}
[debug] [2020-10-04T17:58:59.144Z] [runtime-status] [5092] Running sendTextmessage in mode HTTPS {"metadata":{"emulator":{"name":"functions"},"function":{"name":"sendTextmessage"},"message":"[runtime-status] [5092] Running sendTextmessage in mode HTTPS"}}
[debug] [2020-10-04T17:58:59.144Z] [runtime-status] [5092] Attempting to listen to socketPath: \\?\pipe\D:\OnClinic\functions\5092 {"metadata":{"emulator":{"name":"functions"},"function":{"name":"sendTextmessage"},"message":"[runtime-status] [5092] Attempting to listen to socketPath: \\\\?\\pipe\\D:\\OnClinic\\functions\\5092"}}
[debug] [2020-10-04T17:58:59.145Z] [functions] Runtime ready! Sending request! {"metadata":{"emulator":{"name":"functions"},"message":"[functions] Runtime ready! Sending request!"}}
[debug] [2020-10-04T17:58:59.148Z] [runtime-status] [5092] Ephemeral server handling GET request {"metadata":{"emulator":{"name":"functions"},"function":{"name":"sendTextmessage"},"message":"[runtime-status] [5092] Ephemeral server handling GET request"}}
[info] >  undefined {"user":"undefined","metadata":{"emulator":{"name":"functions"},"function":{"name":"sendTextmessage"},"message":"\u001b[90m> \u001b[39m undefined"}}
[debug] [2020-10-04T17:58:59.638Z] [runtime-status] [5092] Ephemeral server survived. {"metadata":{"emulator":{"name":"functions"},"function":{"name":"sendTextmessage"},"message":"[runtime-status] [5092] Ephemeral server survived."}}
[info] i  functions: Finished "sendTextmessage" in ~1s {"metadata":{"emulator":{"name":"functions"},"function":{"name":"sendTextmessage"},"message":"Finished \"sendTextmessage\" in ~1s"}}
[debug] [2020-10-04T17:58:59.639Z] [worker-sendTextmessage-d49c5f30-8dbb-47f1-9c56-0184ad910b6b]: IDLE {"metadata":{"emulator":{"name":"functions"},"message":"[worker-sendTextmessage-d49c5f30-8dbb-47f1-9c56-0184ad910b6b]: IDLE"}}
[debug] [2020-10-04T17:58:59.639Z] [work-queue] {"queueLength":0,"workRunningCount":0}
[debug] [2020-10-04T17:59:45.479Z] [work-queue] {"queueLength":1,"workRunningCount":0}
[debug] [2020-10-04T17:59:45.480Z] [work-queue] {"queueLength":0,"workRunningCount":1}
[debug] [2020-10-04T17:59:45.480Z] Accepted request GET /onclinic-dd11a/us-central1/getLatestPosts --> getLatestPosts
[debug] [2020-10-04T17:59:45.485Z] [worker-pool] addWorker(getLatestPosts) {"metadata":{"emulator":{"name":"functions"},"message":"[worker-pool] addWorker(getLatestPosts)"}}
[debug] [2020-10-04T17:59:45.485Z] [worker-pool] Adding worker with key getLatestPosts, total=1 {"metadata":{"emulator":{"name":"functions"},"message":"[worker-pool] Adding worker with key getLatestPosts, total=1"}}
[debug] [2020-10-04T17:59:45.485Z] [worker-pool] submitWork(triggerId=getLatestPosts) {"metadata":{"emulator":{"name":"functions"},"message":"[worker-pool] submitWork(triggerId=getLatestPosts)"}}
[debug] [2020-10-04T17:59:45.485Z] [worker-getLatestPosts-01899c17-937b-47ee-a735-f86b8550293d]: Assigning socketPath: \\?\pipe\D:\OnClinic\functions\11256 {"metadata":{"emulator":{"name":"functions"},"message":"[worker-getLatestPosts-01899c17-937b-47ee-a735-f86b8550293d]: Assigning socketPath: \\\\?\\pipe\\D:\\OnClinic\\functions\\11256"}}
[debug] [2020-10-04T17:59:45.485Z] [worker-getLatestPosts-01899c17-937b-47ee-a735-f86b8550293d]: BUSY {"metadata":{"emulator":{"name":"functions"},"message":"[worker-getLatestPosts-01899c17-937b-47ee-a735-f86b8550293d]: BUSY"}}
[debug] [2020-10-04T17:59:45.869Z] [runtime-status] [11256] Functions runtime initialized. {"cwd":"D:\\OnClinic\\functions","node_version":"12.17.0"} {"metadata":{"emulator":{"name":"functions"},"function":{"name":"getLatestPosts"},"message":"[runtime-status] [11256] Functions runtime initialized. {\"cwd\":\"D:\\\\OnClinic\\\\functions\",\"node_version\":\"12.17.0\"}"}}
[debug] [2020-10-04T17:59:45.871Z] [runtime-status] [11256] Disabled runtime features: undefined {"metadata":{"emulator":{"name":"functions"},"function":{"name":"getLatestPosts"},"message":"[runtime-status] [11256] Disabled runtime features: undefined"}}
[debug] [2020-10-04T17:59:45.876Z] [runtime-status] [11256] Resolved module firebase-admin {"declared":true,"installed":true,"version":"8.11.0","resolution":"D:\\OnClinic\\functions\\node_modules\\firebase-admin\\lib\\index.js"} {"metadata":{"emulator":{"name":"functions"},"function":{"name":"getLatestPosts"},"message":"[runtime-status] [11256] Resolved module firebase-admin {\"declared\":true,\"installed\":true,\"version\":\"8.11.0\",\"resolution\":\"D:\\\\OnClinic\\\\functions\\\\node_modules\\\\firebase-admin\\\\lib\\\\index.js\"}"}}
[debug] [2020-10-04T17:59:45.878Z] [runtime-status] [11256] Resolved module firebase-functions {"declared":true,"installed":true,"version":"3.6.1","resolution":"D:\\OnClinic\\functions\\node_modules\\firebase-functions\\lib\\index.js"} {"metadata":{"emulator":{"name":"functions"},"function":{"name":"getLatestPosts"},"message":"[runtime-status] [11256] Resolved module firebase-functions {\"declared\":true,\"installed\":true,\"version\":\"3.6.1\",\"resolution\":\"D:\\\\OnClinic\\\\functions\\\\node_modules\\\\firebase-functions\\\\lib\\\\index.js\"}"}}
[debug] [2020-10-04T17:59:45.879Z] [runtime-status] [11256] Resolved module firebase-functions {"declared":true,"installed":true,"version":"3.6.1","resolution":"D:\\OnClinic\\functions\\node_modules\\firebase-functions\\lib\\index.js"} {"metadata":{"emulator":{"name":"functions"},"function":{"name":"getLatestPosts"},"message":"[runtime-status] [11256] Resolved module firebase-functions {\"declared\":true,\"installed\":true,\"version\":\"3.6.1\",\"resolution\":\"D:\\\\OnClinic\\\\functions\\\\node_modules\\\\firebase-functions\\\\lib\\\\index.js\"}"}}
[debug] [2020-10-04T17:59:45.880Z] [runtime-status] [11256] Outgoing network have been stubbed. [{"name":"http","status":"mocked"},{"name":"http","status":"mocked"},{"name":"https","status":"mocked"},{"name":"https","status":"mocked"},{"name":"net","status":"mocked"}] {"metadata":{"emulator":{"name":"functions"},"function":{"name":"getLatestPosts"},"message":"[runtime-status] [11256] Outgoing network have been stubbed. [{\"name\":\"http\",\"status\":\"mocked\"},{\"name\":\"http\",\"status\":\"mocked\"},{\"name\":\"https\",\"status\":\"mocked\"},{\"name\":\"https\",\"status\":\"mocked\"},{\"name\":\"net\",\"status\":\"mocked\"}]"}}
[debug] [2020-10-04T17:59:45.881Z] [runtime-status] [11256] Resolved module firebase-functions {"declared":true,"installed":true,"version":"3.6.1","resolution":"D:\\OnClinic\\functions\\node_modules\\firebase-functions\\lib\\index.js"} {"metadata":{"emulator":{"name":"functions"},"function":{"name":"getLatestPosts"},"message":"[runtime-status] [11256] Resolved module firebase-functions {\"declared\":true,\"installed\":true,\"version\":\"3.6.1\",\"resolution\":\"D:\\\\OnClinic\\\\functions\\\\node_modules\\\\firebase-functions\\\\lib\\\\index.js\"}"}}
[debug] [2020-10-04T17:59:45.917Z] [runtime-status] [11256] Checked functions.config() {"config":{}} {"metadata":{"emulator":{"name":"functions"},"function":{"name":"getLatestPosts"},"message":"[runtime-status] [11256] Checked functions.config() {\"config\":{}}"}}
[debug] [2020-10-04T17:59:45.918Z] [runtime-status] [11256] firebase-functions has been stubbed. {"functionsResolution":{"declared":true,"installed":true,"version":"3.6.1","resolution":"D:\\OnClinic\\functions\\node_modules\\firebase-functions\\lib\\index.js"}} {"metadata":{"emulator":{"name":"functions"},"function":{"name":"getLatestPosts"},"message":"[runtime-status] [11256] firebase-functions has been stubbed. {\"functionsResolution\":{\"declared\":true,\"installed\":true,\"version\":\"3.6.1\",\"resolution\":\"D:\\\\OnClinic\\\\functions\\\\node_modules\\\\firebase-functions\\\\lib\\\\index.js\"}}"}}
[debug] [2020-10-04T17:59:45.918Z] [runtime-status] [11256] Resolved module firebase-functions {"declared":true,"installed":true,"version":"3.6.1","resolution":"D:\\OnClinic\\functions\\node_modules\\firebase-functions\\lib\\index.js"} {"metadata":{"emulator":{"name":"functions"},"function":{"name":"getLatestPosts"},"message":"[runtime-status] [11256] Resolved module firebase-functions {\"declared\":true,\"installed\":true,\"version\":\"3.6.1\",\"resolution\":\"D:\\\\OnClinic\\\\functions\\\\node_modules\\\\firebase-functions\\\\lib\\\\index.js\"}"}}
[debug] [2020-10-04T17:59:45.919Z] [runtime-status] [11256] Resolved module firebase-admin {"declared":true,"installed":true,"version":"8.11.0","resolution":"D:\\OnClinic\\functions\\node_modules\\firebase-admin\\lib\\index.js"} {"metadata":{"emulator":{"name":"functions"},"function":{"name":"getLatestPosts"},"message":"[runtime-status] [11256] Resolved module firebase-admin {\"declared\":true,\"installed\":true,\"version\":\"8.11.0\",\"resolution\":\"D:\\\\OnClinic\\\\functions\\\\node_modules\\\\firebase-admin\\\\lib\\\\index.js\"}"}}
[debug] [2020-10-04T17:59:45.919Z] [runtime-status] [11256] Resolved module firebase-functions {"declared":true,"installed":true,"version":"3.6.1","resolution":"D:\\OnClinic\\functions\\node_modules\\firebase-functions\\lib\\index.js"} {"metadata":{"emulator":{"name":"functions"},"function":{"name":"getLatestPosts"},"message":"[runtime-status] [11256] Resolved module firebase-functions {\"declared\":true,\"installed\":true,\"version\":\"3.6.1\",\"resolution\":\"D:\\\\OnClinic\\\\functions\\\\node_modules\\\\firebase-functions\\\\lib\\\\index.js\"}"}}
[debug] [2020-10-04T17:59:45.920Z] [runtime-status] [11256] firebase-admin has been stubbed. {"adminResolution":{"declared":true,"installed":true,"version":"8.11.0","resolution":"D:\\OnClinic\\functions\\node_modules\\firebase-admin\\lib\\index.js"}} {"metadata":{"emulator":{"name":"functions"},"function":{"name":"getLatestPosts"},"message":"[runtime-status] [11256] firebase-admin has been stubbed. {\"adminResolution\":{\"declared\":true,\"installed\":true,\"version\":\"8.11.0\",\"resolution\":\"D:\\\\OnClinic\\\\functions\\\\node_modules\\\\firebase-admin\\\\lib\\\\index.js\"}}"}}
[debug] [2020-10-04T17:59:47.250Z] [runtime-status] [11256] Trigger "getLatestPosts" has been found, beginning invocation! {"metadata":{"emulator":{"name":"functions"},"function":{"name":"getLatestPosts"},"message":"[runtime-status] [11256] Trigger \"getLatestPosts\" has been found, beginning invocation!"}}
[info] i  functions: Beginning execution of "getLatestPosts" {"metadata":{"emulator":{"name":"functions"},"function":{"name":"getLatestPosts"},"message":"Beginning execution of \"getLatestPosts\""}}
[debug] [2020-10-04T17:59:47.252Z] [runtime-status] [11256] triggerDefinition {"httpsTrigger":{},"name":"getLatestPosts","entryPoint":"getLatestPosts"} {"metadata":{"emulator":{"name":"functions"},"function":{"name":"getLatestPosts"},"message":"[runtime-status] [11256] triggerDefinition {\"httpsTrigger\":{},\"name\":\"getLatestPosts\",\"entryPoint\":\"getLatestPosts\"}"}}
[debug] [2020-10-04T17:59:47.252Z] [runtime-status] [11256] Running getLatestPosts in mode HTTPS {"metadata":{"emulator":{"name":"functions"},"function":{"name":"getLatestPosts"},"message":"[runtime-status] [11256] Running getLatestPosts in mode HTTPS"}}
[debug] [2020-10-04T17:59:47.254Z] [runtime-status] [11256] Attempting to listen to socketPath: \\?\pipe\D:\OnClinic\functions\11256 {"metadata":{"emulator":{"name":"functions"},"function":{"name":"getLatestPosts"},"message":"[runtime-status] [11256] Attempting to listen to socketPath: \\\\?\\pipe\\D:\\OnClinic\\functions\\11256"}}
[debug] [2020-10-04T17:59:47.257Z] [functions] Runtime ready! Sending request! {"metadata":{"emulator":{"name":"functions"},"message":"[functions] Runtime ready! Sending request!"}}
[debug] [2020-10-04T17:59:47.265Z] [runtime-status] [11256] Ephemeral server handling GET request {"metadata":{"emulator":{"name":"functions"},"function":{"name":"getLatestPosts"},"message":"[runtime-status] [11256] Ephemeral server handling GET request"}}
[warn] !  functions: The Cloud Firestore emulator is not running, so calls to Firestore will affect production. {"metadata":{"emulator":{"name":"functions"},"function":{"name":"getLatestPosts"},"message":"The Cloud Firestore emulator is not running, so calls to Firestore will affect production."}}
[info] >  2020-10-04T17:59:51.560Z {"user":"2020-10-04T17:59:51.560Z","metadata":{"emulator":{"name":"functions"},"function":{"name":"getLatestPosts"},"message":"\u001b[90m> \u001b[39m 2020-10-04T17:59:51.560Z"}}
[info] >  2020-10-04T18:29:51.560Z {"user":"2020-10-04T18:29:51.560Z","metadata":{"emulator":{"name":"functions"},"function":{"name":"getLatestPosts"},"message":"\u001b[90m> \u001b[39m 2020-10-04T18:29:51.560Z"}}
[debug] [2020-10-04T17:59:52.427Z] [runtime-status] [11256] Ephemeral server survived. {"metadata":{"emulator":{"name":"functions"},"function":{"name":"getLatestPosts"},"message":"[runtime-status] [11256] Ephemeral server survived."}}
[info] i  functions: Finished "getLatestPosts" in ~1s {"metadata":{"emulator":{"name":"functions"},"function":{"name":"getLatestPosts"},"message":"Finished \"getLatestPosts\" in ~1s"}}
[debug] [2020-10-04T17:59:52.431Z] [worker-getLatestPosts-01899c17-937b-47ee-a735-f86b8550293d]: IDLE {"metadata":{"emulator":{"name":"functions"},"message":"[worker-getLatestPosts-01899c17-937b-47ee-a735-f86b8550293d]: IDLE"}}
[debug] [2020-10-04T17:59:52.431Z] [work-queue] {"queueLength":0,"workRunningCount":0}
[debug] [2020-10-04T18:00:52.335Z] File D:\OnClinic\functions\index.js changed, reloading triggers {"metadata":{"emulator":{"name":"functions"},"message":"File D:\\OnClinic\\functions\\index.js changed, reloading triggers"}}
[debug] [2020-10-04T18:00:53.336Z] [worker-pool] Shutting down IDLE worker (~diagnostic~) {"metadata":{"emulator":{"name":"functions"},"message":"[worker-pool] Shutting down IDLE worker (~diagnostic~)"}}
[debug] [2020-10-04T18:00:53.336Z] [worker-~diagnostic~-adce2169-2e41-4e35-b2b4-ae44afc7d18c]: FINISHING {"metadata":{"emulator":{"name":"functions"},"message":"[worker-~diagnostic~-adce2169-2e41-4e35-b2b4-ae44afc7d18c]: FINISHING"}}
[debug] [2020-10-04T18:00:53.336Z] [worker-pool] Shutting down IDLE worker (sendTextmessage) {"metadata":{"emulator":{"name":"functions"},"message":"[worker-pool] Shutting down IDLE worker (sendTextmessage)"}}
[debug] [2020-10-04T18:00:53.336Z] [worker-sendTextmessage-d49c5f30-8dbb-47f1-9c56-0184ad910b6b]: FINISHING {"metadata":{"emulator":{"name":"functions"},"message":"[worker-sendTextmessage-d49c5f30-8dbb-47f1-9c56-0184ad910b6b]: FINISHING"}}
[debug] [2020-10-04T18:00:53.337Z] [worker-pool] Shutting down IDLE worker (getLatestPosts) {"metadata":{"emulator":{"name":"functions"},"message":"[worker-pool] Shutting down IDLE worker (getLatestPosts)"}}
[debug] [2020-10-04T18:00:53.337Z] [worker-getLatestPosts-01899c17-937b-47ee-a735-f86b8550293d]: FINISHING {"metadata":{"emulator":{"name":"functions"},"message":"[worker-getLatestPosts-01899c17-937b-47ee-a735-f86b8550293d]: FINISHING"}}
[debug] [2020-10-04T18:00:53.342Z] [worker-pool] addWorker(~diagnostic~) {"metadata":{"emulator":{"name":"functions"},"message":"[worker-pool] addWorker(~diagnostic~)"}}
[debug] [2020-10-04T18:00:53.342Z] [worker-pool] Adding worker with key ~diagnostic~, total=2 {"metadata":{"emulator":{"name":"functions"},"message":"[worker-pool] Adding worker with key ~diagnostic~, total=2"}}
[debug] [2020-10-04T18:00:53.342Z] [worker-pool] submitWork(triggerId=) {"metadata":{"emulator":{"name":"functions"},"message":"[worker-pool] submitWork(triggerId=)"}}
[debug] [2020-10-04T18:00:53.342Z] [worker-~diagnostic~-692e14e9-d5b3-4f83-b967-c524c4f26be7]: Assigning socketPath: \\?\pipe\D:\OnClinic\functions\11836 {"metadata":{"emulator":{"name":"functions"},"message":"[worker-~diagnostic~-692e14e9-d5b3-4f83-b967-c524c4f26be7]: Assigning socketPath: \\\\?\\pipe\\D:\\OnClinic\\functions\\11836"}}
[debug] [2020-10-04T18:00:53.342Z] [worker-~diagnostic~-692e14e9-d5b3-4f83-b967-c524c4f26be7]: BUSY {"metadata":{"emulator":{"name":"functions"},"message":"[worker-~diagnostic~-692e14e9-d5b3-4f83-b967-c524c4f26be7]: BUSY"}}
[debug] [2020-10-04T18:00:53.349Z] [worker-~diagnostic~-adce2169-2e41-4e35-b2b4-ae44afc7d18c]: exited {"metadata":{"emulator":{"name":"functions"},"message":"[worker-~diagnostic~-adce2169-2e41-4e35-b2b4-ae44afc7d18c]: exited"}}
[debug] [2020-10-04T18:00:53.350Z] [worker-~diagnostic~-adce2169-2e41-4e35-b2b4-ae44afc7d18c]: FINISHED {"metadata":{"emulator":{"name":"functions"},"message":"[worker-~diagnostic~-adce2169-2e41-4e35-b2b4-ae44afc7d18c]: FINISHED"}}
[debug] [2020-10-04T18:00:53.351Z] [worker-getLatestPosts-01899c17-937b-47ee-a735-f86b8550293d]: exited {"metadata":{"emulator":{"name":"functions"},"message":"[worker-getLatestPosts-01899c17-937b-47ee-a735-f86b8550293d]: exited"}}
[debug] [2020-10-04T18:00:53.351Z] [worker-getLatestPosts-01899c17-937b-47ee-a735-f86b8550293d]: FINISHED {"metadata":{"emulator":{"name":"functions"},"message":"[worker-getLatestPosts-01899c17-937b-47ee-a735-f86b8550293d]: FINISHED"}}
[debug] [2020-10-04T18:00:53.442Z] [worker-sendTextmessage-d49c5f30-8dbb-47f1-9c56-0184ad910b6b]: exited {"metadata":{"emulator":{"name":"functions"},"message":"[worker-sendTextmessage-d49c5f30-8dbb-47f1-9c56-0184ad910b6b]: exited"}}
[debug] [2020-10-04T18:00:53.442Z] [worker-sendTextmessage-d49c5f30-8dbb-47f1-9c56-0184ad910b6b]: FINISHED {"metadata":{"emulator":{"name":"functions"},"message":"[worker-sendTextmessage-d49c5f30-8dbb-47f1-9c56-0184ad910b6b]: FINISHED"}}
[debug] [2020-10-04T18:00:54.019Z] [runtime-status] [11836] Functions runtime initialized. {"cwd":"D:\\OnClinic\\functions","node_version":"12.17.0"} {"metadata":{"emulator":{"name":"functions"},"message":"[runtime-status] [11836] Functions runtime initialized. {\"cwd\":\"D:\\\\OnClinic\\\\functions\",\"node_version\":\"12.17.0\"}"}}
[debug] [2020-10-04T18:00:54.022Z] [runtime-status] [11836] Disabled runtime features: undefined {"metadata":{"emulator":{"name":"functions"},"message":"[runtime-status] [11836] Disabled runtime features: undefined"}}
[debug] [2020-10-04T18:00:54.029Z] [runtime-status] [11836] Resolved module firebase-admin {"declared":true,"installed":true,"version":"8.11.0","resolution":"D:\\OnClinic\\functions\\node_modules\\firebase-admin\\lib\\index.js"} {"metadata":{"emulator":{"name":"functions"},"message":"[runtime-status] [11836] Resolved module firebase-admin {\"declared\":true,\"installed\":true,\"version\":\"8.11.0\",\"resolution\":\"D:\\\\OnClinic\\\\functions\\\\node_modules\\\\firebase-admin\\\\lib\\\\index.js\"}"}}
[debug] [2020-10-04T18:00:54.036Z] [runtime-status] [11836] Resolved module firebase-functions {"declared":true,"installed":true,"version":"3.6.1","resolution":"D:\\OnClinic\\functions\\node_modules\\firebase-functions\\lib\\index.js"} {"metadata":{"emulator":{"name":"functions"},"message":"[runtime-status] [11836] Resolved module firebase-functions {\"declared\":true,\"installed\":true,\"version\":\"3.6.1\",\"resolution\":\"D:\\\\OnClinic\\\\functions\\\\node_modules\\\\firebase-functions\\\\lib\\\\index.js\"}"}}
[debug] [2020-10-04T18:00:54.038Z] [runtime-status] [11836] Resolved module firebase-functions {"declared":true,"installed":true,"version":"3.6.1","resolution":"D:\\OnClinic\\functions\\node_modules\\firebase-functions\\lib\\index.js"} {"metadata":{"emulator":{"name":"functions"},"message":"[runtime-status] [11836] Resolved module firebase-functions {\"declared\":true,\"installed\":true,\"version\":\"3.6.1\",\"resolution\":\"D:\\\\OnClinic\\\\functions\\\\node_modules\\\\firebase-functions\\\\lib\\\\index.js\"}"}}
[debug] [2020-10-04T18:00:54.040Z] [runtime-status] [11836] Outgoing network have been stubbed. [{"name":"http","status":"mocked"},{"name":"http","status":"mocked"},{"name":"https","status":"mocked"},{"name":"https","status":"mocked"},{"name":"net","status":"mocked"}] {"metadata":{"emulator":{"name":"functions"},"message":"[runtime-status] [11836] Outgoing network have been stubbed. [{\"name\":\"http\",\"status\":\"mocked\"},{\"name\":\"http\",\"status\":\"mocked\"},{\"name\":\"https\",\"status\":\"mocked\"},{\"name\":\"https\",\"status\":\"mocked\"},{\"name\":\"net\",\"status\":\"mocked\"}]"}}
[debug] [2020-10-04T18:00:54.041Z] [runtime-status] [11836] Resolved module firebase-functions {"declared":true,"installed":true,"version":"3.6.1","resolution":"D:\\OnClinic\\functions\\node_modules\\firebase-functions\\lib\\index.js"} {"metadata":{"emulator":{"name":"functions"},"message":"[runtime-status] [11836] Resolved module firebase-functions {\"declared\":true,\"installed\":true,\"version\":\"3.6.1\",\"resolution\":\"D:\\\\OnClinic\\\\functions\\\\node_modules\\\\firebase-functions\\\\lib\\\\index.js\"}"}}
[debug] [2020-10-04T18:00:54.103Z] [runtime-status] [11836] Checked functions.config() {"config":{}} {"metadata":{"emulator":{"name":"functions"},"message":"[runtime-status] [11836] Checked functions.config() {\"config\":{}}"}}
[debug] [2020-10-04T18:00:54.104Z] [runtime-status] [11836] firebase-functions has been stubbed. {"functionsResolution":{"declared":true,"installed":true,"version":"3.6.1","resolution":"D:\\OnClinic\\functions\\node_modules\\firebase-functions\\lib\\index.js"}} {"metadata":{"emulator":{"name":"functions"},"message":"[runtime-status] [11836] firebase-functions has been stubbed. {\"functionsResolution\":{\"declared\":true,\"installed\":true,\"version\":\"3.6.1\",\"resolution\":\"D:\\\\OnClinic\\\\functions\\\\node_modules\\\\firebase-functions\\\\lib\\\\index.js\"}}"}}
[debug] [2020-10-04T18:00:54.104Z] [runtime-status] [11836] Resolved module firebase-functions {"declared":true,"installed":true,"version":"3.6.1","resolution":"D:\\OnClinic\\functions\\node_modules\\firebase-functions\\lib\\index.js"} {"metadata":{"emulator":{"name":"functions"},"message":"[runtime-status] [11836] Resolved module firebase-functions {\"declared\":true,\"installed\":true,\"version\":\"3.6.1\",\"resolution\":\"D:\\\\OnClinic\\\\functions\\\\node_modules\\\\firebase-functions\\\\lib\\\\index.js\"}"}}
[debug] [2020-10-04T18:00:54.105Z] [runtime-status] [11836] Resolved module firebase-admin {"declared":true,"installed":true,"version":"8.11.0","resolution":"D:\\OnClinic\\functions\\node_modules\\firebase-admin\\lib\\index.js"} {"metadata":{"emulator":{"name":"functions"},"message":"[runtime-status] [11836] Resolved module firebase-admin {\"declared\":true,\"installed\":true,\"version\":\"8.11.0\",\"resolution\":\"D:\\\\OnClinic\\\\functions\\\\node_modules\\\\firebase-admin\\\\lib\\\\index.js\"}"}}
[debug] [2020-10-04T18:00:54.106Z] [runtime-status] [11836] Resolved module firebase-functions {"declared":true,"installed":true,"version":"3.6.1","resolution":"D:\\OnClinic\\functions\\node_modules\\firebase-functions\\lib\\index.js"} {"metadata":{"emulator":{"name":"functions"},"message":"[runtime-status] [11836] Resolved module firebase-functions {\"declared\":true,\"installed\":true,\"version\":\"3.6.1\",\"resolution\":\"D:\\\\OnClinic\\\\functions\\\\node_modules\\\\firebase-functions\\\\lib\\\\index.js\"}"}}
[debug] [2020-10-04T18:00:54.106Z] [runtime-status] [11836] firebase-admin has been stubbed. {"adminResolution":{"declared":true,"installed":true,"version":"8.11.0","resolution":"D:\\OnClinic\\functions\\node_modules\\firebase-admin\\lib\\index.js"}} {"metadata":{"emulator":{"name":"functions"},"message":"[runtime-status] [11836] firebase-admin has been stubbed. {\"adminResolution\":{\"declared\":true,\"installed\":true,\"version\":\"8.11.0\",\"resolution\":\"D:\\\\OnClinic\\\\functions\\\\node_modules\\\\firebase-admin\\\\lib\\\\index.js\"}}"}}
[debug] [2020-10-04T18:00:55.940Z] [worker-~diagnostic~-692e14e9-d5b3-4f83-b967-c524c4f26be7]: IDLE {"metadata":{"emulator":{"name":"functions"},"message":"[worker-~diagnostic~-692e14e9-d5b3-4f83-b967-c524c4f26be7]: IDLE"}}
[debug] [2020-10-04T18:01:05.424Z] [work-queue] {"queueLength":1,"workRunningCount":0}
[debug] [2020-10-04T18:01:05.424Z] [work-queue] {"queueLength":0,"workRunningCount":1}
[debug] [2020-10-04T18:01:05.424Z] Accepted request GET /onclinic-dd11a/us-central1/getLatestPosts --> getLatestPosts
[debug] [2020-10-04T18:01:05.424Z] [worker-pool] Cleaned up workers for ~diagnostic~: 2 --> 1 {"metadata":{"emulator":{"name":"functions"},"message":"[worker-pool] Cleaned up workers for ~diagnostic~: 2 --> 1"}}
[debug] [2020-10-04T18:01:05.424Z] [worker-pool] Cleaned up workers for sendTextmessage: 1 --> 0 {"metadata":{"emulator":{"name":"functions"},"message":"[worker-pool] Cleaned up workers for sendTextmessage: 1 --> 0"}}
[debug] [2020-10-04T18:01:05.425Z] [worker-pool] Cleaned up workers for getLatestPosts: 1 --> 0 {"metadata":{"emulator":{"name":"functions"},"message":"[worker-pool] Cleaned up workers for getLatestPosts: 1 --> 0"}}
[debug] [2020-10-04T18:01:05.429Z] [worker-pool] addWorker(getLatestPosts) {"metadata":{"emulator":{"name":"functions"},"message":"[worker-pool] addWorker(getLatestPosts)"}}
[debug] [2020-10-04T18:01:05.430Z] [worker-pool] Adding worker with key getLatestPosts, total=1 {"metadata":{"emulator":{"name":"functions"},"message":"[worker-pool] Adding worker with key getLatestPosts, total=1"}}
[debug] [2020-10-04T18:01:05.430Z] [worker-pool] submitWork(triggerId=getLatestPosts) {"metadata":{"emulator":{"name":"functions"},"message":"[worker-pool] submitWork(triggerId=getLatestPosts)"}}
[debug] [2020-10-04T18:01:05.430Z] [worker-getLatestPosts-eccdabd1-f258-4e64-a9b6-e41d58da6c00]: Assigning socketPath: \\?\pipe\D:\OnClinic\functions\4972 {"metadata":{"emulator":{"name":"functions"},"message":"[worker-getLatestPosts-eccdabd1-f258-4e64-a9b6-e41d58da6c00]: Assigning socketPath: \\\\?\\pipe\\D:\\OnClinic\\functions\\4972"}}
[debug] [2020-10-04T18:01:05.430Z] [worker-getLatestPosts-eccdabd1-f258-4e64-a9b6-e41d58da6c00]: BUSY {"metadata":{"emulator":{"name":"functions"},"message":"[worker-getLatestPosts-eccdabd1-f258-4e64-a9b6-e41d58da6c00]: BUSY"}}
[debug] [2020-10-04T18:01:05.862Z] [runtime-status] [4972] Functions runtime initialized. {"cwd":"D:\\OnClinic\\functions","node_version":"12.17.0"} {"metadata":{"emulator":{"name":"functions"},"function":{"name":"getLatestPosts"},"message":"[runtime-status] [4972] Functions runtime initialized. {\"cwd\":\"D:\\\\OnClinic\\\\functions\",\"node_version\":\"12.17.0\"}"}}
[debug] [2020-10-04T18:01:05.864Z] [runtime-status] [4972] Disabled runtime features: undefined {"metadata":{"emulator":{"name":"functions"},"function":{"name":"getLatestPosts"},"message":"[runtime-status] [4972] Disabled runtime features: undefined"}}
[debug] [2020-10-04T18:01:05.869Z] [runtime-status] [4972] Resolved module firebase-admin {"declared":true,"installed":true,"version":"8.11.0","resolution":"D:\\OnClinic\\functions\\node_modules\\firebase-admin\\lib\\index.js"} {"metadata":{"emulator":{"name":"functions"},"function":{"name":"getLatestPosts"},"message":"[runtime-status] [4972] Resolved module firebase-admin {\"declared\":true,\"installed\":true,\"version\":\"8.11.0\",\"resolution\":\"D:\\\\OnClinic\\\\functions\\\\node_modules\\\\firebase-admin\\\\lib\\\\index.js\"}"}}
[debug] [2020-10-04T18:01:05.871Z] [runtime-status] [4972] Resolved module firebase-functions {"declared":true,"installed":true,"version":"3.6.1","resolution":"D:\\OnClinic\\functions\\node_modules\\firebase-functions\\lib\\index.js"} {"metadata":{"emulator":{"name":"functions"},"function":{"name":"getLatestPosts"},"message":"[runtime-status] [4972] Resolved module firebase-functions {\"declared\":true,\"installed\":true,\"version\":\"3.6.1\",\"resolution\":\"D:\\\\OnClinic\\\\functions\\\\node_modules\\\\firebase-functions\\\\lib\\\\index.js\"}"}}
[debug] [2020-10-04T18:01:05.872Z] [runtime-status] [4972] Resolved module firebase-functions {"declared":true,"installed":true,"version":"3.6.1","resolution":"D:\\OnClinic\\functions\\node_modules\\firebase-functions\\lib\\index.js"} {"metadata":{"emulator":{"name":"functions"},"function":{"name":"getLatestPosts"},"message":"[runtime-status] [4972] Resolved module firebase-functions {\"declared\":true,\"installed\":true,\"version\":\"3.6.1\",\"resolution\":\"D:\\\\OnClinic\\\\functions\\\\node_modules\\\\firebase-functions\\\\lib\\\\index.js\"}"}}
[debug] [2020-10-04T18:01:05.873Z] [runtime-status] [4972] Outgoing network have been stubbed. [{"name":"http","status":"mocked"},{"name":"http","status":"mocked"},{"name":"https","status":"mocked"},{"name":"https","status":"mocked"},{"name":"net","status":"mocked"}] {"metadata":{"emulator":{"name":"functions"},"function":{"name":"getLatestPosts"},"message":"[runtime-status] [4972] Outgoing network have been stubbed. [{\"name\":\"http\",\"status\":\"mocked\"},{\"name\":\"http\",\"status\":\"mocked\"},{\"name\":\"https\",\"status\":\"mocked\"},{\"name\":\"https\",\"status\":\"mocked\"},{\"name\":\"net\",\"status\":\"mocked\"}]"}}
[debug] [2020-10-04T18:01:05.874Z] [runtime-status] [4972] Resolved module firebase-functions {"declared":true,"installed":true,"version":"3.6.1","resolution":"D:\\OnClinic\\functions\\node_modules\\firebase-functions\\lib\\index.js"} {"metadata":{"emulator":{"name":"functions"},"function":{"name":"getLatestPosts"},"message":"[runtime-status] [4972] Resolved module firebase-functions {\"declared\":true,\"installed\":true,\"version\":\"3.6.1\",\"resolution\":\"D:\\\\OnClinic\\\\functions\\\\node_modules\\\\firebase-functions\\\\lib\\\\index.js\"}"}}
[debug] [2020-10-04T18:01:05.983Z] [runtime-status] [4972] Checked functions.config() {"config":{}} {"metadata":{"emulator":{"name":"functions"},"function":{"name":"getLatestPosts"},"message":"[runtime-status] [4972] Checked functions.config() {\"config\":{}}"}}
[debug] [2020-10-04T18:01:05.984Z] [runtime-status] [4972] firebase-functions has been stubbed. {"functionsResolution":{"declared":true,"installed":true,"version":"3.6.1","resolution":"D:\\OnClinic\\functions\\node_modules\\firebase-functions\\lib\\index.js"}} {"metadata":{"emulator":{"name":"functions"},"function":{"name":"getLatestPosts"},"message":"[runtime-status] [4972] firebase-functions has been stubbed. {\"functionsResolution\":{\"declared\":true,\"installed\":true,\"version\":\"3.6.1\",\"resolution\":\"D:\\\\OnClinic\\\\functions\\\\node_modules\\\\firebase-functions\\\\lib\\\\index.js\"}}"}}
[debug] [2020-10-04T18:01:05.984Z] [runtime-status] [4972] Resolved module firebase-functions {"declared":true,"installed":true,"version":"3.6.1","resolution":"D:\\OnClinic\\functions\\node_modules\\firebase-functions\\lib\\index.js"} {"metadata":{"emulator":{"name":"functions"},"function":{"name":"getLatestPosts"},"message":"[runtime-status] [4972] Resolved module firebase-functions {\"declared\":true,\"installed\":true,\"version\":\"3.6.1\",\"resolution\":\"D:\\\\OnClinic\\\\functions\\\\node_modules\\\\firebase-functions\\\\lib\\\\index.js\"}"}}
[debug] [2020-10-04T18:01:05.985Z] [runtime-status] [4972] Resolved module firebase-admin {"declared":true,"installed":true,"version":"8.11.0","resolution":"D:\\OnClinic\\functions\\node_modules\\firebase-admin\\lib\\index.js"} {"metadata":{"emulator":{"name":"functions"},"function":{"name":"getLatestPosts"},"message":"[runtime-status] [4972] Resolved module firebase-admin {\"declared\":true,\"installed\":true,\"version\":\"8.11.0\",\"resolution\":\"D:\\\\OnClinic\\\\functions\\\\node_modules\\\\firebase-admin\\\\lib\\\\index.js\"}"}}
[debug] [2020-10-04T18:01:05.985Z] [runtime-status] [4972] Resolved module firebase-functions {"declared":true,"installed":true,"version":"3.6.1","resolution":"D:\\OnClinic\\functions\\node_modules\\firebase-functions\\lib\\index.js"} {"metadata":{"emulator":{"name":"functions"},"function":{"name":"getLatestPosts"},"message":"[runtime-status] [4972] Resolved module firebase-functions {\"declared\":true,\"installed\":true,\"version\":\"3.6.1\",\"resolution\":\"D:\\\\OnClinic\\\\functions\\\\node_modules\\\\firebase-functions\\\\lib\\\\index.js\"}"}}
[debug] [2020-10-04T18:01:05.986Z] [runtime-status] [4972] firebase-admin has been stubbed. {"adminResolution":{"declared":true,"installed":true,"version":"8.11.0","resolution":"D:\\OnClinic\\functions\\node_modules\\firebase-admin\\lib\\index.js"}} {"metadata":{"emulator":{"name":"functions"},"function":{"name":"getLatestPosts"},"message":"[runtime-status] [4972] firebase-admin has been stubbed. {\"adminResolution\":{\"declared\":true,\"installed\":true,\"version\":\"8.11.0\",\"resolution\":\"D:\\\\OnClinic\\\\functions\\\\node_modules\\\\firebase-admin\\\\lib\\\\index.js\"}}"}}
[debug] [2020-10-04T18:01:07.580Z] [runtime-status] [4972] Trigger "getLatestPosts" has been found, beginning invocation! {"metadata":{"emulator":{"name":"functions"},"function":{"name":"getLatestPosts"},"message":"[runtime-status] [4972] Trigger \"getLatestPosts\" has been found, beginning invocation!"}}
[info] i  functions: Beginning execution of "getLatestPosts" {"metadata":{"emulator":{"name":"functions"},"function":{"name":"getLatestPosts"},"message":"Beginning execution of \"getLatestPosts\""}}
[debug] [2020-10-04T18:01:07.581Z] [runtime-status] [4972] triggerDefinition {"httpsTrigger":{},"name":"getLatestPosts","entryPoint":"getLatestPosts"} {"metadata":{"emulator":{"name":"functions"},"function":{"name":"getLatestPosts"},"message":"[runtime-status] [4972] triggerDefinition {\"httpsTrigger\":{},\"name\":\"getLatestPosts\",\"entryPoint\":\"getLatestPosts\"}"}}
[debug] [2020-10-04T18:01:07.581Z] [runtime-status] [4972] Running getLatestPosts in mode HTTPS {"metadata":{"emulator":{"name":"functions"},"function":{"name":"getLatestPosts"},"message":"[runtime-status] [4972] Running getLatestPosts in mode HTTPS"}}
[debug] [2020-10-04T18:01:07.585Z] [runtime-status] [4972] Attempting to listen to socketPath: \\?\pipe\D:\OnClinic\functions\4972 {"metadata":{"emulator":{"name":"functions"},"function":{"name":"getLatestPosts"},"message":"[runtime-status] [4972] Attempting to listen to socketPath: \\\\?\\pipe\\D:\\OnClinic\\functions\\4972"}}
[debug] [2020-10-04T18:01:07.587Z] [functions] Runtime ready! Sending request! {"metadata":{"emulator":{"name":"functions"},"message":"[functions] Runtime ready! Sending request!"}}
[debug] [2020-10-04T18:01:07.592Z] [runtime-status] [4972] Ephemeral server handling GET request {"metadata":{"emulator":{"name":"functions"},"function":{"name":"getLatestPosts"},"message":"[runtime-status] [4972] Ephemeral server handling GET request"}}
[warn] !  functions: The Cloud Firestore emulator is not running, so calls to Firestore will affect production. {"metadata":{"emulator":{"name":"functions"},"function":{"name":"getLatestPosts"},"message":"The Cloud Firestore emulator is not running, so calls to Firestore will affect production."}}
[info] >  2020-10-04T18:01:07.789Z {"user":"2020-10-04T18:01:07.789Z","metadata":{"emulator":{"name":"functions"},"function":{"name":"getLatestPosts"},"message":"\u001b[90m> \u001b[39m 2020-10-04T18:01:07.789Z"}}
[info] >  2020-10-04T18:31:07.789Z {"user":"2020-10-04T18:31:07.789Z","metadata":{"emulator":{"name":"functions"},"function":{"name":"getLatestPosts"},"message":"\u001b[90m> \u001b[39m 2020-10-04T18:31:07.789Z"}}
[debug] [2020-10-04T18:01:08.521Z] [runtime-status] [4972] Ephemeral server survived. {"metadata":{"emulator":{"name":"functions"},"function":{"name":"getLatestPosts"},"message":"[runtime-status] [4972] Ephemeral server survived."}}
[info] i  functions: Finished "getLatestPosts" in ~1s {"metadata":{"emulator":{"name":"functions"},"function":{"name":"getLatestPosts"},"message":"Finished \"getLatestPosts\" in ~1s"}}
[debug] [2020-10-04T18:01:08.525Z] [worker-getLatestPosts-eccdabd1-f258-4e64-a9b6-e41d58da6c00]: IDLE {"metadata":{"emulator":{"name":"functions"},"message":"[worker-getLatestPosts-eccdabd1-f258-4e64-a9b6-e41d58da6c00]: IDLE"}}
[debug] [2020-10-04T18:01:08.525Z] [work-queue] {"queueLength":0,"workRunningCount":0}
[debug] [2020-10-04T18:02:12.434Z] [work-queue] {"queueLength":1,"workRunningCount":0}
[debug] [2020-10-04T18:02:12.435Z] [work-queue] {"queueLength":0,"workRunningCount":1}
[debug] [2020-10-04T18:02:12.435Z] Accepted request OPTIONS /onclinic-dd11a/us-central1/broadcast/hello --> broadcast
[debug] [2020-10-04T18:02:12.445Z] [worker-pool] addWorker(broadcast) {"metadata":{"emulator":{"name":"functions"},"message":"[worker-pool] addWorker(broadcast)"}}
[debug] [2020-10-04T18:02:12.445Z] [worker-pool] Adding worker with key broadcast, total=1 {"metadata":{"emulator":{"name":"functions"},"message":"[worker-pool] Adding worker with key broadcast, total=1"}}
[debug] [2020-10-04T18:02:12.446Z] [worker-pool] submitWork(triggerId=broadcast) {"metadata":{"emulator":{"name":"functions"},"message":"[worker-pool] submitWork(triggerId=broadcast)"}}
[debug] [2020-10-04T18:02:12.446Z] [worker-broadcast-8621ea31-6766-40d7-86ae-7e9403adbd47]: Assigning socketPath: \\?\pipe\D:\OnClinic\functions\11912 {"metadata":{"emulator":{"name":"functions"},"message":"[worker-broadcast-8621ea31-6766-40d7-86ae-7e9403adbd47]: Assigning socketPath: \\\\?\\pipe\\D:\\OnClinic\\functions\\11912"}}
[debug] [2020-10-04T18:02:12.446Z] [worker-broadcast-8621ea31-6766-40d7-86ae-7e9403adbd47]: BUSY {"metadata":{"emulator":{"name":"functions"},"message":"[worker-broadcast-8621ea31-6766-40d7-86ae-7e9403adbd47]: BUSY"}}
[debug] [2020-10-04T18:02:12.931Z] [runtime-status] [11912] Functions runtime initialized. {"cwd":"D:\\OnClinic\\functions","node_version":"12.17.0"} {"metadata":{"emulator":{"name":"functions"},"function":{"name":"broadcast"},"message":"[runtime-status] [11912] Functions runtime initialized. {\"cwd\":\"D:\\\\OnClinic\\\\functions\",\"node_version\":\"12.17.0\"}"}}
[debug] [2020-10-04T18:02:12.933Z] [runtime-status] [11912] Disabled runtime features: undefined {"metadata":{"emulator":{"name":"functions"},"function":{"name":"broadcast"},"message":"[runtime-status] [11912] Disabled runtime features: undefined"}}
[debug] [2020-10-04T18:02:12.942Z] [runtime-status] [11912] Resolved module firebase-admin {"declared":true,"installed":true,"version":"8.11.0","resolution":"D:\\OnClinic\\functions\\node_modules\\firebase-admin\\lib\\index.js"} {"metadata":{"emulator":{"name":"functions"},"function":{"name":"broadcast"},"message":"[runtime-status] [11912] Resolved module firebase-admin {\"declared\":true,\"installed\":true,\"version\":\"8.11.0\",\"resolution\":\"D:\\\\OnClinic\\\\functions\\\\node_modules\\\\firebase-admin\\\\lib\\\\index.js\"}"}}
[debug] [2020-10-04T18:02:12.948Z] [runtime-status] [11912] Resolved module firebase-functions {"declared":true,"installed":true,"version":"3.6.1","resolution":"D:\\OnClinic\\functions\\node_modules\\firebase-functions\\lib\\index.js"} {"metadata":{"emulator":{"name":"functions"},"function":{"name":"broadcast"},"message":"[runtime-status] [11912] Resolved module firebase-functions {\"declared\":true,\"installed\":true,\"version\":\"3.6.1\",\"resolution\":\"D:\\\\OnClinic\\\\functions\\\\node_modules\\\\firebase-functions\\\\lib\\\\index.js\"}"}}
[debug] [2020-10-04T18:02:12.948Z] [runtime-status] [11912] Resolved module firebase-functions {"declared":true,"installed":true,"version":"3.6.1","resolution":"D:\\OnClinic\\functions\\node_modules\\firebase-functions\\lib\\index.js"} {"metadata":{"emulator":{"name":"functions"},"function":{"name":"broadcast"},"message":"[runtime-status] [11912] Resolved module firebase-functions {\"declared\":true,\"installed\":true,\"version\":\"3.6.1\",\"resolution\":\"D:\\\\OnClinic\\\\functions\\\\node_modules\\\\firebase-functions\\\\lib\\\\index.js\"}"}}
[debug] [2020-10-04T18:02:12.950Z] [runtime-status] [11912] Outgoing network have been stubbed. [{"name":"http","status":"mocked"},{"name":"http","status":"mocked"},{"name":"https","status":"mocked"},{"name":"https","status":"mocked"},{"name":"net","status":"mocked"}] {"metadata":{"emulator":{"name":"functions"},"function":{"name":"broadcast"},"message":"[runtime-status] [11912] Outgoing network have been stubbed. [{\"name\":\"http\",\"status\":\"mocked\"},{\"name\":\"http\",\"status\":\"mocked\"},{\"name\":\"https\",\"status\":\"mocked\"},{\"name\":\"https\",\"status\":\"mocked\"},{\"name\":\"net\",\"status\":\"mocked\"}]"}}
[debug] [2020-10-04T18:02:12.951Z] [runtime-status] [11912] Resolved module firebase-functions {"declared":true,"installed":true,"version":"3.6.1","resolution":"D:\\OnClinic\\functions\\node_modules\\firebase-functions\\lib\\index.js"} {"metadata":{"emulator":{"name":"functions"},"function":{"name":"broadcast"},"message":"[runtime-status] [11912] Resolved module firebase-functions {\"declared\":true,\"installed\":true,\"version\":\"3.6.1\",\"resolution\":\"D:\\\\OnClinic\\\\functions\\\\node_modules\\\\firebase-functions\\\\lib\\\\index.js\"}"}}
[debug] [2020-10-04T18:02:13.016Z] [runtime-status] [11912] Checked functions.config() {"config":{}} {"metadata":{"emulator":{"name":"functions"},"function":{"name":"broadcast"},"message":"[runtime-status] [11912] Checked functions.config() {\"config\":{}}"}}
[debug] [2020-10-04T18:02:13.016Z] [runtime-status] [11912] firebase-functions has been stubbed. {"functionsResolution":{"declared":true,"installed":true,"version":"3.6.1","resolution":"D:\\OnClinic\\functions\\node_modules\\firebase-functions\\lib\\index.js"}} {"metadata":{"emulator":{"name":"functions"},"function":{"name":"broadcast"},"message":"[runtime-status] [11912] firebase-functions has been stubbed. {\"functionsResolution\":{\"declared\":true,\"installed\":true,\"version\":\"3.6.1\",\"resolution\":\"D:\\\\OnClinic\\\\functions\\\\node_modules\\\\firebase-functions\\\\lib\\\\index.js\"}}"}}
[debug] [2020-10-04T18:02:13.017Z] [runtime-status] [11912] Resolved module firebase-functions {"declared":true,"installed":true,"version":"3.6.1","resolution":"D:\\OnClinic\\functions\\node_modules\\firebase-functions\\lib\\index.js"} {"metadata":{"emulator":{"name":"functions"},"function":{"name":"broadcast"},"message":"[runtime-status] [11912] Resolved module firebase-functions {\"declared\":true,\"installed\":true,\"version\":\"3.6.1\",\"resolution\":\"D:\\\\OnClinic\\\\functions\\\\node_modules\\\\firebase-functions\\\\lib\\\\index.js\"}"}}
[debug] [2020-10-04T18:02:13.021Z] [runtime-status] [11912] Resolved module firebase-admin {"declared":true,"installed":true,"version":"8.11.0","resolution":"D:\\OnClinic\\functions\\node_modules\\firebase-admin\\lib\\index.js"} {"metadata":{"emulator":{"name":"functions"},"function":{"name":"broadcast"},"message":"[runtime-status] [11912] Resolved module firebase-admin {\"declared\":true,\"installed\":true,\"version\":\"8.11.0\",\"resolution\":\"D:\\\\OnClinic\\\\functions\\\\node_modules\\\\firebase-admin\\\\lib\\\\index.js\"}"}}
[debug] [2020-10-04T18:02:13.021Z] [runtime-status] [11912] Resolved module firebase-functions {"declared":true,"installed":true,"version":"3.6.1","resolution":"D:\\OnClinic\\functions\\node_modules\\firebase-functions\\lib\\index.js"} {"metadata":{"emulator":{"name":"functions"},"function":{"name":"broadcast"},"message":"[runtime-status] [11912] Resolved module firebase-functions {\"declared\":true,\"installed\":true,\"version\":\"3.6.1\",\"resolution\":\"D:\\\\OnClinic\\\\functions\\\\node_modules\\\\firebase-functions\\\\lib\\\\index.js\"}"}}
[debug] [2020-10-04T18:02:13.022Z] [runtime-status] [11912] firebase-admin has been stubbed. {"adminResolution":{"declared":true,"installed":true,"version":"8.11.0","resolution":"D:\\OnClinic\\functions\\node_modules\\firebase-admin\\lib\\index.js"}} {"metadata":{"emulator":{"name":"functions"},"function":{"name":"broadcast"},"message":"[runtime-status] [11912] firebase-admin has been stubbed. {\"adminResolution\":{\"declared\":true,\"installed\":true,\"version\":\"8.11.0\",\"resolution\":\"D:\\\\OnClinic\\\\functions\\\\node_modules\\\\firebase-admin\\\\lib\\\\index.js\"}}"}}
[debug] [2020-10-04T18:02:14.553Z] [runtime-status] [11912] Trigger "broadcast" has been found, beginning invocation! {"metadata":{"emulator":{"name":"functions"},"function":{"name":"broadcast"},"message":"[runtime-status] [11912] Trigger \"broadcast\" has been found, beginning invocation!"}}
[info] i  functions: Beginning execution of "broadcast" {"metadata":{"emulator":{"name":"functions"},"function":{"name":"broadcast"},"message":"Beginning execution of \"broadcast\""}}
[debug] [2020-10-04T18:02:14.554Z] [runtime-status] [11912] triggerDefinition {"httpsTrigger":{},"name":"broadcast","entryPoint":"broadcast"} {"metadata":{"emulator":{"name":"functions"},"function":{"name":"broadcast"},"message":"[runtime-status] [11912] triggerDefinition {\"httpsTrigger\":{},\"name\":\"broadcast\",\"entryPoint\":\"broadcast\"}"}}
[debug] [2020-10-04T18:02:14.554Z] [runtime-status] [11912] Running broadcast in mode HTTPS {"metadata":{"emulator":{"name":"functions"},"function":{"name":"broadcast"},"message":"[runtime-status] [11912] Running broadcast in mode HTTPS"}}
[debug] [2020-10-04T18:02:14.557Z] [runtime-status] [11912] Attempting to listen to socketPath: \\?\pipe\D:\OnClinic\functions\11912 {"metadata":{"emulator":{"name":"functions"},"function":{"name":"broadcast"},"message":"[runtime-status] [11912] Attempting to listen to socketPath: \\\\?\\pipe\\D:\\OnClinic\\functions\\11912"}}
[debug] [2020-10-04T18:02:14.560Z] [functions] Runtime ready! Sending request! {"metadata":{"emulator":{"name":"functions"},"message":"[functions] Runtime ready! Sending request!"}}
[debug] [2020-10-04T18:02:14.566Z] [runtime-status] [11912] Ephemeral server handling OPTIONS request {"metadata":{"emulator":{"name":"functions"},"function":{"name":"broadcast"},"message":"[runtime-status] [11912] Ephemeral server handling OPTIONS request"}}
[debug] [2020-10-04T18:02:14.569Z] [runtime-status] [11912] Ephemeral server survived. {"metadata":{"emulator":{"name":"functions"},"function":{"name":"broadcast"},"message":"[runtime-status] [11912] Ephemeral server survived."}}
[info] i  functions: Finished "broadcast" in ~1s {"metadata":{"emulator":{"name":"functions"},"function":{"name":"broadcast"},"message":"Finished \"broadcast\" in ~1s"}}
[debug] [2020-10-04T18:02:14.573Z] [work-queue] {"queueLength":1,"workRunningCount":1}
[debug] [2020-10-04T18:02:14.574Z] [work-queue] {"queueLength":0,"workRunningCount":2}
[debug] [2020-10-04T18:02:14.574Z] Accepted request POST /onclinic-dd11a/us-central1/broadcast/hello --> broadcast
[debug] [2020-10-04T18:02:14.587Z] [worker-pool] addWorker(broadcast) {"metadata":{"emulator":{"name":"functions"},"message":"[worker-pool] addWorker(broadcast)"}}
[debug] [2020-10-04T18:02:14.587Z] [worker-pool] Adding worker with key broadcast, total=2 {"metadata":{"emulator":{"name":"functions"},"message":"[worker-pool] Adding worker with key broadcast, total=2"}}
[debug] [2020-10-04T18:02:14.587Z] [worker-pool] submitWork(triggerId=broadcast) {"metadata":{"emulator":{"name":"functions"},"message":"[worker-pool] submitWork(triggerId=broadcast)"}}
[debug] [2020-10-04T18:02:14.588Z] [worker-broadcast-dd136149-9be5-494f-a8a7-d9436f897807]: Assigning socketPath: \\?\pipe\D:\OnClinic\functions\6952 {"metadata":{"emulator":{"name":"functions"},"message":"[worker-broadcast-dd136149-9be5-494f-a8a7-d9436f897807]: Assigning socketPath: \\\\?\\pipe\\D:\\OnClinic\\functions\\6952"}}
[debug] [2020-10-04T18:02:14.588Z] [worker-broadcast-dd136149-9be5-494f-a8a7-d9436f897807]: BUSY {"metadata":{"emulator":{"name":"functions"},"message":"[worker-broadcast-dd136149-9be5-494f-a8a7-d9436f897807]: BUSY"}}
[debug] [2020-10-04T18:02:14.590Z] [worker-broadcast-8621ea31-6766-40d7-86ae-7e9403adbd47]: IDLE {"metadata":{"emulator":{"name":"functions"},"message":"[worker-broadcast-8621ea31-6766-40d7-86ae-7e9403adbd47]: IDLE"}}
[debug] [2020-10-04T18:02:14.591Z] [work-queue] {"queueLength":0,"workRunningCount":1}
[debug] [2020-10-04T18:02:14.984Z] [runtime-status] [6952] Functions runtime initialized. {"cwd":"D:\\OnClinic\\functions","node_version":"12.17.0"} {"metadata":{"emulator":{"name":"functions"},"function":{"name":"broadcast"},"message":"[runtime-status] [6952] Functions runtime initialized. {\"cwd\":\"D:\\\\OnClinic\\\\functions\",\"node_version\":\"12.17.0\"}"}}
[debug] [2020-10-04T18:02:14.986Z] [runtime-status] [6952] Disabled runtime features: undefined {"metadata":{"emulator":{"name":"functions"},"function":{"name":"broadcast"},"message":"[runtime-status] [6952] Disabled runtime features: undefined"}}
[debug] [2020-10-04T18:02:14.991Z] [runtime-status] [6952] Resolved module firebase-admin {"declared":true,"installed":true,"version":"8.11.0","resolution":"D:\\OnClinic\\functions\\node_modules\\firebase-admin\\lib\\index.js"} {"metadata":{"emulator":{"name":"functions"},"function":{"name":"broadcast"},"message":"[runtime-status] [6952] Resolved module firebase-admin {\"declared\":true,\"installed\":true,\"version\":\"8.11.0\",\"resolution\":\"D:\\\\OnClinic\\\\functions\\\\node_modules\\\\firebase-admin\\\\lib\\\\index.js\"}"}}
[debug] [2020-10-04T18:02:14.993Z] [runtime-status] [6952] Resolved module firebase-functions {"declared":true,"installed":true,"version":"3.6.1","resolution":"D:\\OnClinic\\functions\\node_modules\\firebase-functions\\lib\\index.js"} {"metadata":{"emulator":{"name":"functions"},"function":{"name":"broadcast"},"message":"[runtime-status] [6952] Resolved module firebase-functions {\"declared\":true,\"installed\":true,\"version\":\"3.6.1\",\"resolution\":\"D:\\\\OnClinic\\\\functions\\\\node_modules\\\\firebase-functions\\\\lib\\\\index.js\"}"}}
[debug] [2020-10-04T18:02:14.993Z] [runtime-status] [6952] Resolved module firebase-functions {"declared":true,"installed":true,"version":"3.6.1","resolution":"D:\\OnClinic\\functions\\node_modules\\firebase-functions\\lib\\index.js"} {"metadata":{"emulator":{"name":"functions"},"function":{"name":"broadcast"},"message":"[runtime-status] [6952] Resolved module firebase-functions {\"declared\":true,\"installed\":true,\"version\":\"3.6.1\",\"resolution\":\"D:\\\\OnClinic\\\\functions\\\\node_modules\\\\firebase-functions\\\\lib\\\\index.js\"}"}}
[debug] [2020-10-04T18:02:14.995Z] [runtime-status] [6952] Outgoing network have been stubbed. [{"name":"http","status":"mocked"},{"name":"http","status":"mocked"},{"name":"https","status":"mocked"},{"name":"https","status":"mocked"},{"name":"net","status":"mocked"}] {"metadata":{"emulator":{"name":"functions"},"function":{"name":"broadcast"},"message":"[runtime-status] [6952] Outgoing network have been stubbed. [{\"name\":\"http\",\"status\":\"mocked\"},{\"name\":\"http\",\"status\":\"mocked\"},{\"name\":\"https\",\"status\":\"mocked\"},{\"name\":\"https\",\"status\":\"mocked\"},{\"name\":\"net\",\"status\":\"mocked\"}]"}}
[debug] [2020-10-04T18:02:14.996Z] [runtime-status] [6952] Resolved module firebase-functions {"declared":true,"installed":true,"version":"3.6.1","resolution":"D:\\OnClinic\\functions\\node_modules\\firebase-functions\\lib\\index.js"} {"metadata":{"emulator":{"name":"functions"},"function":{"name":"broadcast"},"message":"[runtime-status] [6952] Resolved module firebase-functions {\"declared\":true,\"installed\":true,\"version\":\"3.6.1\",\"resolution\":\"D:\\\\OnClinic\\\\functions\\\\node_modules\\\\firebase-functions\\\\lib\\\\index.js\"}"}}
[debug] [2020-10-04T18:02:15.031Z] [runtime-status] [6952] Checked functions.config() {"config":{}} {"metadata":{"emulator":{"name":"functions"},"function":{"name":"broadcast"},"message":"[runtime-status] [6952] Checked functions.config() {\"config\":{}}"}}
[debug] [2020-10-04T18:02:15.031Z] [runtime-status] [6952] firebase-functions has been stubbed. {"functionsResolution":{"declared":true,"installed":true,"version":"3.6.1","resolution":"D:\\OnClinic\\functions\\node_modules\\firebase-functions\\lib\\index.js"}} {"metadata":{"emulator":{"name":"functions"},"function":{"name":"broadcast"},"message":"[runtime-status] [6952] firebase-functions has been stubbed. {\"functionsResolution\":{\"declared\":true,\"installed\":true,\"version\":\"3.6.1\",\"resolution\":\"D:\\\\OnClinic\\\\functions\\\\node_modules\\\\firebase-functions\\\\lib\\\\index.js\"}}"}}
[debug] [2020-10-04T18:02:15.032Z] [runtime-status] [6952] Resolved module firebase-functions {"declared":true,"installed":true,"version":"3.6.1","resolution":"D:\\OnClinic\\functions\\node_modules\\firebase-functions\\lib\\index.js"} {"metadata":{"emulator":{"name":"functions"},"function":{"name":"broadcast"},"message":"[runtime-status] [6952] Resolved module firebase-functions {\"declared\":true,\"installed\":true,\"version\":\"3.6.1\",\"resolution\":\"D:\\\\OnClinic\\\\functions\\\\node_modules\\\\firebase-functions\\\\lib\\\\index.js\"}"}}
[debug] [2020-10-04T18:02:15.033Z] [runtime-status] [6952] Resolved module firebase-admin {"declared":true,"installed":true,"version":"8.11.0","resolution":"D:\\OnClinic\\functions\\node_modules\\firebase-admin\\lib\\index.js"} {"metadata":{"emulator":{"name":"functions"},"function":{"name":"broadcast"},"message":"[runtime-status] [6952] Resolved module firebase-admin {\"declared\":true,\"installed\":true,\"version\":\"8.11.0\",\"resolution\":\"D:\\\\OnClinic\\\\functions\\\\node_modules\\\\firebase-admin\\\\lib\\\\index.js\"}"}}
[debug] [2020-10-04T18:02:15.033Z] [runtime-status] [6952] Resolved module firebase-functions {"declared":true,"installed":true,"version":"3.6.1","resolution":"D:\\OnClinic\\functions\\node_modules\\firebase-functions\\lib\\index.js"} {"metadata":{"emulator":{"name":"functions"},"function":{"name":"broadcast"},"message":"[runtime-status] [6952] Resolved module firebase-functions {\"declared\":true,\"installed\":true,\"version\":\"3.6.1\",\"resolution\":\"D:\\\\OnClinic\\\\functions\\\\node_modules\\\\firebase-functions\\\\lib\\\\index.js\"}"}}
[debug] [2020-10-04T18:02:15.034Z] [runtime-status] [6952] firebase-admin has been stubbed. {"adminResolution":{"declared":true,"installed":true,"version":"8.11.0","resolution":"D:\\OnClinic\\functions\\node_modules\\firebase-admin\\lib\\index.js"}} {"metadata":{"emulator":{"name":"functions"},"function":{"name":"broadcast"},"message":"[runtime-status] [6952] firebase-admin has been stubbed. {\"adminResolution\":{\"declared\":true,\"installed\":true,\"version\":\"8.11.0\",\"resolution\":\"D:\\\\OnClinic\\\\functions\\\\node_modules\\\\firebase-admin\\\\lib\\\\index.js\"}}"}}
[debug] [2020-10-04T18:02:16.283Z] [runtime-status] [6952] Trigger "broadcast" has been found, beginning invocation! {"metadata":{"emulator":{"name":"functions"},"function":{"name":"broadcast"},"message":"[runtime-status] [6952] Trigger \"broadcast\" has been found, beginning invocation!"}}
[info] i  functions: Beginning execution of "broadcast" {"metadata":{"emulator":{"name":"functions"},"function":{"name":"broadcast"},"message":"Beginning execution of \"broadcast\""}}
[debug] [2020-10-04T18:02:16.284Z] [runtime-status] [6952] triggerDefinition {"httpsTrigger":{},"name":"broadcast","entryPoint":"broadcast"} {"metadata":{"emulator":{"name":"functions"},"function":{"name":"broadcast"},"message":"[runtime-status] [6952] triggerDefinition {\"httpsTrigger\":{},\"name\":\"broadcast\",\"entryPoint\":\"broadcast\"}"}}
[debug] [2020-10-04T18:02:16.284Z] [runtime-status] [6952] Running broadcast in mode HTTPS {"metadata":{"emulator":{"name":"functions"},"function":{"name":"broadcast"},"message":"[runtime-status] [6952] Running broadcast in mode HTTPS"}}
[debug] [2020-10-04T18:02:16.287Z] [runtime-status] [6952] Attempting to listen to socketPath: \\?\pipe\D:\OnClinic\functions\6952 {"metadata":{"emulator":{"name":"functions"},"function":{"name":"broadcast"},"message":"[runtime-status] [6952] Attempting to listen to socketPath: \\\\?\\pipe\\D:\\OnClinic\\functions\\6952"}}
[debug] [2020-10-04T18:02:16.290Z] [functions] Runtime ready! Sending request! {"metadata":{"emulator":{"name":"functions"},"message":"[functions] Runtime ready! Sending request!"}}
[debug] [2020-10-04T18:02:16.501Z] [runtime-status] [6952] Ephemeral server handling POST request {"metadata":{"emulator":{"name":"functions"},"function":{"name":"broadcast"},"message":"[runtime-status] [6952] Ephemeral server handling POST request"}}
[debug] [2020-10-04T18:02:16.507Z] [runtime-status] [6952] Ephemeral server survived. {"metadata":{"emulator":{"name":"functions"},"function":{"name":"broadcast"},"message":"[runtime-status] [6952] Ephemeral server survived."}}
[info] >  07252525226 {"user":"07252525226","metadata":{"emulator":{"name":"functions"},"function":{"name":"broadcast"},"message":"\u001b[90m> \u001b[39m 07252525226"}}
[info] i  functions: Finished "broadcast" in ~1s {"metadata":{"emulator":{"name":"functions"},"function":{"name":"broadcast"},"message":"Finished \"broadcast\" in ~1s"}}
[debug] [2020-10-04T18:02:17.336Z] [worker-broadcast-dd136149-9be5-494f-a8a7-d9436f897807]: IDLE {"metadata":{"emulator":{"name":"functions"},"message":"[worker-broadcast-dd136149-9be5-494f-a8a7-d9436f897807]: IDLE"}}
[debug] [2020-10-04T18:02:17.336Z] [work-queue] {"queueLength":0,"workRunningCount":0}
[info] >  { {"user":"{","metadata":{"emulator":{"name":"functions"},"function":{"name":"broadcast"},"message":"\u001b[90m> \u001b[39m {"}}
[info] >    ResponseMetadata: { RequestId: '884b4c72-98a7-54d3-b5c6-1b8688cd46a1' }, {"user":"  ResponseMetadata: { RequestId: '884b4c72-98a7-54d3-b5c6-1b8688cd46a1' },","metadata":{"emulator":{"name":"functions"},"function":{"name":"broadcast"},"message":"\u001b[90m> \u001b[39m   ResponseMetadata: { RequestId: '884b4c72-98a7-54d3-b5c6-1b8688cd46a1' },"}}
[info] >    MessageId: 'baeb330a-033c-55e8-97de-64fe1356d79a' {"user":"  MessageId: 'baeb330a-033c-55e8-97de-64fe1356d79a'","metadata":{"emulator":{"name":"functions"},"function":{"name":"broadcast"},"message":"\u001b[90m> \u001b[39m   MessageId: 'baeb330a-033c-55e8-97de-64fe1356d79a'"}}
[info] >  } {"user":"}","metadata":{"emulator":{"name":"functions"},"function":{"name":"broadcast"},"message":"\u001b[90m> \u001b[39m }"}}
[debug] [2020-10-04T18:08:10.197Z] [work-queue] {"queueLength":1,"workRunningCount":0}
[debug] [2020-10-04T18:08:10.197Z] [work-queue] {"queueLength":0,"workRunningCount":1}
[debug] [2020-10-04T18:08:10.198Z] Accepted request OPTIONS /onclinic-dd11a/us-central1/broadcast/hello --> broadcast
[debug] [2020-10-04T18:08:10.198Z] [worker-pool] submitWork(triggerId=broadcast) {"metadata":{"emulator":{"name":"functions"},"message":"[worker-pool] submitWork(triggerId=broadcast)"}}
[debug] [2020-10-04T18:08:10.198Z] [worker-broadcast-8621ea31-6766-40d7-86ae-7e9403adbd47]: Assigning socketPath: \\?\pipe\D:\OnClinic\functions\11912 {"metadata":{"emulator":{"name":"functions"},"message":"[worker-broadcast-8621ea31-6766-40d7-86ae-7e9403adbd47]: Assigning socketPath: \\\\?\\pipe\\D:\\OnClinic\\functions\\11912"}}
[debug] [2020-10-04T18:08:10.198Z] [worker-broadcast-8621ea31-6766-40d7-86ae-7e9403adbd47]: BUSY {"metadata":{"emulator":{"name":"functions"},"message":"[worker-broadcast-8621ea31-6766-40d7-86ae-7e9403adbd47]: BUSY"}}
[debug] [2020-10-04T18:08:10.198Z] [runtime-status] [11912] Trigger "broadcast" has been found, beginning invocation! {"metadata":{"emulator":{"name":"functions"},"function":{"name":"broadcast"},"message":"[runtime-status] [11912] Trigger \"broadcast\" has been found, beginning invocation!"}}
[info] i  functions: Beginning execution of "broadcast" {"metadata":{"emulator":{"name":"functions"},"function":{"name":"broadcast"},"message":"Beginning execution of \"broadcast\""}}
[debug] [2020-10-04T18:08:10.199Z] [runtime-status] [11912] triggerDefinition {"httpsTrigger":{},"name":"broadcast","entryPoint":"broadcast"} {"metadata":{"emulator":{"name":"functions"},"function":{"name":"broadcast"},"message":"[runtime-status] [11912] triggerDefinition {\"httpsTrigger\":{},\"name\":\"broadcast\",\"entryPoint\":\"broadcast\"}"}}
[debug] [2020-10-04T18:08:10.199Z] [runtime-status] [11912] Running broadcast in mode HTTPS {"metadata":{"emulator":{"name":"functions"},"function":{"name":"broadcast"},"message":"[runtime-status] [11912] Running broadcast in mode HTTPS"}}
[debug] [2020-10-04T18:08:10.200Z] [runtime-status] [11912] Attempting to listen to socketPath: \\?\pipe\D:\OnClinic\functions\11912 {"metadata":{"emulator":{"name":"functions"},"function":{"name":"broadcast"},"message":"[runtime-status] [11912] Attempting to listen to socketPath: \\\\?\\pipe\\D:\\OnClinic\\functions\\11912"}}
[debug] [2020-10-04T18:08:10.200Z] [functions] Runtime ready! Sending request! {"metadata":{"emulator":{"name":"functions"},"message":"[functions] Runtime ready! Sending request!"}}
[debug] [2020-10-04T18:08:10.202Z] [runtime-status] [11912] Ephemeral server handling OPTIONS request {"metadata":{"emulator":{"name":"functions"},"function":{"name":"broadcast"},"message":"[runtime-status] [11912] Ephemeral server handling OPTIONS request"}}
[debug] [2020-10-04T18:08:10.203Z] [runtime-status] [11912] Ephemeral server survived. {"metadata":{"emulator":{"name":"functions"},"function":{"name":"broadcast"},"message":"[runtime-status] [11912] Ephemeral server survived."}}
[info] i  functions: Finished "broadcast" in ~1s {"metadata":{"emulator":{"name":"functions"},"function":{"name":"broadcast"},"message":"Finished \"broadcast\" in ~1s"}}
[debug] [2020-10-04T18:08:10.205Z] [worker-broadcast-8621ea31-6766-40d7-86ae-7e9403adbd47]: IDLE {"metadata":{"emulator":{"name":"functions"},"message":"[worker-broadcast-8621ea31-6766-40d7-86ae-7e9403adbd47]: IDLE"}}
[debug] [2020-10-04T18:08:10.205Z] [work-queue] {"queueLength":0,"workRunningCount":0}
[debug] [2020-10-04T18:08:10.209Z] [work-queue] {"queueLength":1,"workRunningCount":0}
[debug] [2020-10-04T18:08:10.209Z] [work-queue] {"queueLength":0,"workRunningCount":1}
[debug] [2020-10-04T18:08:10.209Z] Accepted request POST /onclinic-dd11a/us-central1/broadcast/hello --> broadcast
[debug] [2020-10-04T18:08:10.209Z] [worker-pool] submitWork(triggerId=broadcast) {"metadata":{"emulator":{"name":"functions"},"message":"[worker-pool] submitWork(triggerId=broadcast)"}}
[debug] [2020-10-04T18:08:10.209Z] [worker-broadcast-8621ea31-6766-40d7-86ae-7e9403adbd47]: Assigning socketPath: \\?\pipe\D:\OnClinic\functions\11912 {"metadata":{"emulator":{"name":"functions"},"message":"[worker-broadcast-8621ea31-6766-40d7-86ae-7e9403adbd47]: Assigning socketPath: \\\\?\\pipe\\D:\\OnClinic\\functions\\11912"}}
[debug] [2020-10-04T18:08:10.209Z] [worker-broadcast-8621ea31-6766-40d7-86ae-7e9403adbd47]: BUSY {"metadata":{"emulator":{"name":"functions"},"message":"[worker-broadcast-8621ea31-6766-40d7-86ae-7e9403adbd47]: BUSY"}}
[debug] [2020-10-04T18:08:10.228Z] [runtime-status] [11912] Trigger "broadcast" has been found, beginning invocation! {"metadata":{"emulator":{"name":"functions"},"function":{"name":"broadcast"},"message":"[runtime-status] [11912] Trigger \"broadcast\" has been found, beginning invocation!"}}
[info] i  functions: Beginning execution of "broadcast" {"metadata":{"emulator":{"name":"functions"},"function":{"name":"broadcast"},"message":"Beginning execution of \"broadcast\""}}
[debug] [2020-10-04T18:08:10.229Z] [runtime-status] [11912] triggerDefinition {"httpsTrigger":{},"name":"broadcast","entryPoint":"broadcast"} {"metadata":{"emulator":{"name":"functions"},"function":{"name":"broadcast"},"message":"[runtime-status] [11912] triggerDefinition {\"httpsTrigger\":{},\"name\":\"broadcast\",\"entryPoint\":\"broadcast\"}"}}
[debug] [2020-10-04T18:08:10.229Z] [runtime-status] [11912] Running broadcast in mode HTTPS {"metadata":{"emulator":{"name":"functions"},"function":{"name":"broadcast"},"message":"[runtime-status] [11912] Running broadcast in mode HTTPS"}}
[debug] [2020-10-04T18:08:10.229Z] [runtime-status] [11912] Attempting to listen to socketPath: \\?\pipe\D:\OnClinic\functions\11912 {"metadata":{"emulator":{"name":"functions"},"function":{"name":"broadcast"},"message":"[runtime-status] [11912] Attempting to listen to socketPath: \\\\?\\pipe\\D:\\OnClinic\\functions\\11912"}}
[debug] [2020-10-04T18:08:10.230Z] [functions] Runtime ready! Sending request! {"metadata":{"emulator":{"name":"functions"},"message":"[functions] Runtime ready! Sending request!"}}
[debug] [2020-10-04T18:08:10.244Z] [runtime-status] [11912] Ephemeral server handling POST request {"metadata":{"emulator":{"name":"functions"},"function":{"name":"broadcast"},"message":"[runtime-status] [11912] Ephemeral server handling POST request"}}
[debug] [2020-10-04T18:08:10.248Z] [runtime-status] [11912] Ephemeral server survived. {"metadata":{"emulator":{"name":"functions"},"function":{"name":"broadcast"},"message":"[runtime-status] [11912] Ephemeral server survived."}}
[info] >  07252525226 {"user":"07252525226","metadata":{"emulator":{"name":"functions"},"function":{"name":"broadcast"},"message":"\u001b[90m> \u001b[39m 07252525226"}}
[info] i  functions: Finished "broadcast" in ~1s {"metadata":{"emulator":{"name":"functions"},"function":{"name":"broadcast"},"message":"Finished \"broadcast\" in ~1s"}}
[debug] [2020-10-04T18:08:11.136Z] [worker-broadcast-8621ea31-6766-40d7-86ae-7e9403adbd47]: IDLE {"metadata":{"emulator":{"name":"functions"},"message":"[worker-broadcast-8621ea31-6766-40d7-86ae-7e9403adbd47]: IDLE"}}
[debug] [2020-10-04T18:08:11.136Z] [work-queue] {"queueLength":0,"workRunningCount":0}
[info] >  { {"user":"{","metadata":{"emulator":{"name":"functions"},"function":{"name":"broadcast"},"message":"\u001b[90m> \u001b[39m {"}}
[info] >    ResponseMetadata: { RequestId: '1128859a-5778-584a-adac-d26e46b4f56d' }, {"user":"  ResponseMetadata: { RequestId: '1128859a-5778-584a-adac-d26e46b4f56d' },","metadata":{"emulator":{"name":"functions"},"function":{"name":"broadcast"},"message":"\u001b[90m> \u001b[39m   ResponseMetadata: { RequestId: '1128859a-5778-584a-adac-d26e46b4f56d' },"}}
[info] >    MessageId: '6f9de30b-30d7-52ed-8b92-b4ff211bcfca' {"user":"  MessageId: '6f9de30b-30d7-52ed-8b92-b4ff211bcfca'","metadata":{"emulator":{"name":"functions"},"function":{"name":"broadcast"},"message":"\u001b[90m> \u001b[39m   MessageId: '6f9de30b-30d7-52ed-8b92-b4ff211bcfca'"}}
[info] >  } {"user":"}","metadata":{"emulator":{"name":"functions"},"function":{"name":"broadcast"},"message":"\u001b[90m> \u001b[39m }"}}
